0000              1   ;--------------------------------------------------------
0000              2   ; File Created by C51
0000              3   ; Version 1.0.0 #1069 (Apr 23 2015) (MSVC)
0000              4   ; This file was generated Sun Feb 26 21:30:51 2017
0000              5   ;--------------------------------------------------------
                  5   $name Blinky
                  6   $optc51 --model-small
0000              8            R_DSEG    segment data
0000              9            R_CSEG    segment code
0000             10            R_BSEG    segment bit
0000             11            R_XSEG    segment xdata
0000             12            R_PSEG    segment xdata
0000             13            R_ISEG    segment idata
0000             14            R_OSEG    segment data overlay
0000             15            BIT_BANK  segment data overlay
0000             16            R_HOME    segment code
0000             17            R_GSINIT  segment code
0000             18            R_IXSEG   segment xdata
0000             19            R_CONST   segment code
0000             20            R_XINIT   segment code
0000             21            R_DINIT   segment code
0000             22   
0000             23   ;--------------------------------------------------------
0000             24   ; Public variables in this module
0000             25   ;--------------------------------------------------------
0000             26            public _main
0000             27            public _delay
0000             28            public __c51_external_startup
0000             29   ;--------------------------------------------------------
0000             30   ; Special Function Registers
0000             31   ;--------------------------------------------------------
0000             32   _P0             DATA 0x80
0000             33   _SP             DATA 0x81
0000             34   _DPL            DATA 0x82
0000             35   _DPH            DATA 0x83
0000             36   _EMI0TC         DATA 0x84
0000             37   _EMI0CF         DATA 0x85
0000             38   _OSCLCN         DATA 0x86
0000             39   _PCON           DATA 0x87
0000             40   _TCON           DATA 0x88
0000             41   _TMOD           DATA 0x89
0000             42   _TL0            DATA 0x8a
0000             43   _TL1            DATA 0x8b
0000             44   _TH0            DATA 0x8c
0000             45   _TH1            DATA 0x8d
0000             46   _CKCON          DATA 0x8e
0000             47   _PSCTL          DATA 0x8f
0000             48   _P1             DATA 0x90
0000             49   _TMR3CN         DATA 0x91
0000             50   _TMR4CN         DATA 0x91
0000             51   _TMR3RLL        DATA 0x92
0000             52   _TMR4RLL        DATA 0x92
0000             53   _TMR3RLH        DATA 0x93
0000             54   _TMR4RLH        DATA 0x93
0000             55   _TMR3L          DATA 0x94
0000             56   _TMR4L          DATA 0x94
0000             57   _TMR3H          DATA 0x95
0000             58   _TMR4H          DATA 0x95
0000             59   _USB0ADR        DATA 0x96
0000             60   _USB0DAT        DATA 0x97
0000             61   _SCON           DATA 0x98
0000             62   _SCON0          DATA 0x98
0000             63   _SBUF           DATA 0x99
0000             64   _SBUF0          DATA 0x99
0000             65   _CPT1CN         DATA 0x9a
0000             66   _CPT0CN         DATA 0x9b
0000             67   _CPT1MD         DATA 0x9c
0000             68   _CPT0MD         DATA 0x9d
0000             69   _CPT1MX         DATA 0x9e
0000             70   _CPT0MX         DATA 0x9f
0000             71   _P2             DATA 0xa0
0000             72   _SPI0CFG        DATA 0xa1
0000             73   _SPI0CKR        DATA 0xa2
0000             74   _SPI0DAT        DATA 0xa3
0000             75   _P0MDOUT        DATA 0xa4
0000             76   _P1MDOUT        DATA 0xa5
0000             77   _P2MDOUT        DATA 0xa6
0000             78   _P3MDOUT        DATA 0xa7
0000             79   _IE             DATA 0xa8
0000             80   _CLKSEL         DATA 0xa9
0000             81   _EMI0CN         DATA 0xaa
0000             82   __XPAGE         DATA 0xaa
0000             83   _SBCON1         DATA 0xac
0000             84   _P4MDOUT        DATA 0xae
0000             85   _PFE0CN         DATA 0xaf
0000             86   _P3             DATA 0xb0
0000             87   _OSCXCN         DATA 0xb1
0000             88   _OSCICN         DATA 0xb2
0000             89   _OSCICL         DATA 0xb3
0000             90   _SBRLL1         DATA 0xb4
0000             91   _SBRLH1         DATA 0xb5
0000             92   _FLSCL          DATA 0xb6
0000             93   _FLKEY          DATA 0xb7
0000             94   _IP             DATA 0xb8
0000             95   _CLKMUL         DATA 0xb9
0000             96   _SMBTC          DATA 0xb9
0000             97   _AMX0N          DATA 0xba
0000             98   _AMX0P          DATA 0xbb
0000             99   _ADC0CF         DATA 0xbc
0000            100   _ADC0L          DATA 0xbd
0000            101   _ADC0H          DATA 0xbe
0000            102   _SFRPAGE        DATA 0xbf
0000            103   _SMB0CN         DATA 0xc0
0000            104   _SMB1CN         DATA 0xc0
0000            105   _SMB0CF         DATA 0xc1
0000            106   _SMB1CF         DATA 0xc1
0000            107   _SMB0DAT        DATA 0xc2
0000            108   _SMB1DAT        DATA 0xc2
0000            109   _ADC0GTL        DATA 0xc3
0000            110   _ADC0GTH        DATA 0xc4
0000            111   _ADC0LTL        DATA 0xc5
0000            112   _ADC0LTH        DATA 0xc6
0000            113   _P4             DATA 0xc7
0000            114   _TMR2CN         DATA 0xc8
0000            115   _TMR5CN         DATA 0xc8
0000            116   _REG01CN        DATA 0xc9
0000            117   _TMR2RLL        DATA 0xca
0000            118   _TMR5RLL        DATA 0xca
0000            119   _TMR2RLH        DATA 0xcb
0000            120   _TMR5RLH        DATA 0xcb
0000            121   _TMR2L          DATA 0xcc
0000            122   _TMR5L          DATA 0xcc
0000            123   _TMR2H          DATA 0xcd
0000            124   _TMR5H          DATA 0xcd
0000            125   _SMB0ADM        DATA 0xce
0000            126   _SMB1ADM        DATA 0xce
0000            127   _SMB0ADR        DATA 0xcf
0000            128   _SMB1ADR        DATA 0xcf
0000            129   _PSW            DATA 0xd0
0000            130   _REF0CN         DATA 0xd1
0000            131   _SCON1          DATA 0xd2
0000            132   _SBUF1          DATA 0xd3
0000            133   _P0SKIP         DATA 0xd4
0000            134   _P1SKIP         DATA 0xd5
0000            135   _P2SKIP         DATA 0xd6
0000            136   _USB0XCN        DATA 0xd7
0000            137   _PCA0CN         DATA 0xd8
0000            138   _PCA0MD         DATA 0xd9
0000            139   _PCA0CPM0       DATA 0xda
0000            140   _PCA0CPM1       DATA 0xdb
0000            141   _PCA0CPM2       DATA 0xdc
0000            142   _PCA0CPM3       DATA 0xdd
0000            143   _PCA0CPM4       DATA 0xde
0000            144   _P3SKIP         DATA 0xdf
0000            145   _ACC            DATA 0xe0
0000            146   _XBR0           DATA 0xe1
0000            147   _XBR1           DATA 0xe2
0000            148   _XBR2           DATA 0xe3
0000            149   _IT01CF         DATA 0xe4
0000            150   _CKCON1         DATA 0xe4
0000            151   _SMOD1          DATA 0xe5
0000            152   _EIE1           DATA 0xe6
0000            153   _EIE2           DATA 0xe7
0000            154   _ADC0CN         DATA 0xe8
0000            155   _PCA0CPL1       DATA 0xe9
0000            156   _PCA0CPH1       DATA 0xea
0000            157   _PCA0CPL2       DATA 0xeb
0000            158   _PCA0CPH2       DATA 0xec
0000            159   _PCA0CPL3       DATA 0xed
0000            160   _PCA0CPH3       DATA 0xee
0000            161   _RSTSRC         DATA 0xef
0000            162   _B              DATA 0xf0
0000            163   _P0MDIN         DATA 0xf1
0000            164   _P1MDIN         DATA 0xf2
0000            165   _P2MDIN         DATA 0xf3
0000            166   _P3MDIN         DATA 0xf4
0000            167   _P4MDIN         DATA 0xf5
0000            168   _EIP1           DATA 0xf6
0000            169   _EIP2           DATA 0xf7
0000            170   _SPI0CN         DATA 0xf8
0000            171   _PCA0L          DATA 0xf9
0000            172   _PCA0H          DATA 0xfa
0000            173   _PCA0CPL0       DATA 0xfb
0000            174   _PCA0CPH0       DATA 0xfc
0000            175   _PCA0CPL4       DATA 0xfd
0000            176   _PCA0CPH4       DATA 0xfe
0000            177   _VDM0CN         DATA 0xff
0000            178   _DPTR           DATA 0x8382
0000            179   _TMR2RL         DATA 0xcbca
0000            180   _TMR3RL         DATA 0x9392
0000            181   _TMR4RL         DATA 0x9392
0000            182   _TMR5RL         DATA 0xcbca
0000            183   _TMR2           DATA 0xcdcc
0000            184   _TMR3           DATA 0x9594
0000            185   _TMR4           DATA 0x9594
0000            186   _TMR5           DATA 0xcdcc
0000            187   _SBRL1          DATA 0xb5b4
0000            188   _ADC0           DATA 0xbebd
0000            189   _ADC0GT         DATA 0xc4c3
0000            190   _ADC0LT         DATA 0xc6c5
0000            191   _PCA0           DATA 0xfaf9
0000            192   _PCA0CP1        DATA 0xeae9
0000            193   _PCA0CP2        DATA 0xeceb
0000            194   _PCA0CP3        DATA 0xeeed
0000            195   _PCA0CP0        DATA 0xfcfb
0000            196   _PCA0CP4        DATA 0xfefd
0000            197   ;--------------------------------------------------------
0000            198   ; special function bits
0000            199   ;--------------------------------------------------------
0000            200   _P0_0           BIT 0x80
0000            201   _P0_1           BIT 0x81
0000            202   _P0_2           BIT 0x82
0000            203   _P0_3           BIT 0x83
0000            204   _P0_4           BIT 0x84
0000            205   _P0_5           BIT 0x85
0000            206   _P0_6           BIT 0x86
0000            207   _P0_7           BIT 0x87
0000            208   _TF1            BIT 0x8f
0000            209   _TR1            BIT 0x8e
0000            210   _TF0            BIT 0x8d
0000            211   _TR0            BIT 0x8c
0000            212   _IE1            BIT 0x8b
0000            213   _IT1            BIT 0x8a
0000            214   _IE0            BIT 0x89
0000            215   _IT0            BIT 0x88
0000            216   _P1_0           BIT 0x90
0000            217   _P1_1           BIT 0x91
0000            218   _P1_2           BIT 0x92
0000            219   _P1_3           BIT 0x93
0000            220   _P1_4           BIT 0x94
0000            221   _P1_5           BIT 0x95
0000            222   _P1_6           BIT 0x96
0000            223   _P1_7           BIT 0x97
0000            224   _S0MODE         BIT 0x9f
0000            225   _SCON0_6        BIT 0x9e
0000            226   _MCE0           BIT 0x9d
0000            227   _REN0           BIT 0x9c
0000            228   _TB80           BIT 0x9b
0000            229   _RB80           BIT 0x9a
0000            230   _TI0            BIT 0x99
0000            231   _RI0            BIT 0x98
0000            232   _SCON_6         BIT 0x9e
0000            233   _MCE            BIT 0x9d
0000            234   _REN            BIT 0x9c
0000            235   _TB8            BIT 0x9b
0000            236   _RB8            BIT 0x9a
0000            237   _TI             BIT 0x99
0000            238   _RI             BIT 0x98
0000            239   _P2_0           BIT 0xa0
0000            240   _P2_1           BIT 0xa1
0000            241   _P2_2           BIT 0xa2
0000            242   _P2_3           BIT 0xa3
0000            243   _P2_4           BIT 0xa4
0000            244   _P2_5           BIT 0xa5
0000            245   _P2_6           BIT 0xa6
0000            246   _P2_7           BIT 0xa7
0000            247   _EA             BIT 0xaf
0000            248   _ESPI0          BIT 0xae
0000            249   _ET2            BIT 0xad
0000            250   _ES0            BIT 0xac
0000            251   _ET1            BIT 0xab
0000            252   _EX1            BIT 0xaa
0000            253   _ET0            BIT 0xa9
0000            254   _EX0            BIT 0xa8
0000            255   _P3_0           BIT 0xb0
0000            256   _P3_1           BIT 0xb1
0000            257   _P3_2           BIT 0xb2
0000            258   _P3_3           BIT 0xb3
0000            259   _P3_4           BIT 0xb4
0000            260   _P3_5           BIT 0xb5
0000            261   _P3_6           BIT 0xb6
0000            262   _P3_7           BIT 0xb7
0000            263   _IP_7           BIT 0xbf
0000            264   _PSPI0          BIT 0xbe
0000            265   _PT2            BIT 0xbd
0000            266   _PS0            BIT 0xbc
0000            267   _PT1            BIT 0xbb
0000            268   _PX1            BIT 0xba
0000            269   _PT0            BIT 0xb9
0000            270   _PX0            BIT 0xb8
0000            271   _MASTER0        BIT 0xc7
0000            272   _TXMODE0        BIT 0xc6
0000            273   _STA0           BIT 0xc5
0000            274   _STO0           BIT 0xc4
0000            275   _ACKRQ0         BIT 0xc3
0000            276   _ARBLOST0       BIT 0xc2
0000            277   _ACK0           BIT 0xc1
0000            278   _SI0            BIT 0xc0
0000            279   _MASTER1        BIT 0xc7
0000            280   _TXMODE1        BIT 0xc6
0000            281   _STA1           BIT 0xc5
0000            282   _STO1           BIT 0xc4
0000            283   _ACKRQ1         BIT 0xc3
0000            284   _ARBLOST1       BIT 0xc2
0000            285   _ACK1           BIT 0xc1
0000            286   _SI1            BIT 0xc0
0000            287   _TF2            BIT 0xcf
0000            288   _TF2H           BIT 0xcf
0000            289   _TF2L           BIT 0xce
0000            290   _TF2LEN         BIT 0xcd
0000            291   _TF2CEN         BIT 0xcc
0000            292   _T2SPLIT        BIT 0xcb
0000            293   _TR2            BIT 0xca
0000            294   _T2CSS          BIT 0xc9
0000            295   _T2XCLK         BIT 0xc8
0000            296   _TF5H           BIT 0xcf
0000            297   _TF5L           BIT 0xce
0000            298   _TF5LEN         BIT 0xcd
0000            299   _TMR5CN_4       BIT 0xcc
0000            300   _T5SPLIT        BIT 0xcb
0000            301   _TR5            BIT 0xca
0000            302   _TMR5CN_1       BIT 0xc9
0000            303   _T5XCLK         BIT 0xc8
0000            304   _CY             BIT 0xd7
0000            305   _AC             BIT 0xd6
0000            306   _F0             BIT 0xd5
0000            307   _RS1            BIT 0xd4
0000            308   _RS0            BIT 0xd3
0000            309   _OV             BIT 0xd2
0000            310   _F1             BIT 0xd1
0000            311   _PARITY         BIT 0xd0
0000            312   _CF             BIT 0xdf
0000            313   _CR             BIT 0xde
0000            314   _PCA0CN_5       BIT 0xde
0000            315   _CCF4           BIT 0xdc
0000            316   _CCF3           BIT 0xdb
0000            317   _CCF2           BIT 0xda
0000            318   _CCF1           BIT 0xd9
0000            319   _CCF0           BIT 0xd8
0000            320   _ACC_7          BIT 0xe7
0000            321   _ACC_6          BIT 0xe6
0000            322   _ACC_5          BIT 0xe5
0000            323   _ACC_4          BIT 0xe4
0000            324   _ACC_3          BIT 0xe3
0000            325   _ACC_2          BIT 0xe2
0000            326   _ACC_1          BIT 0xe1
0000            327   _ACC_0          BIT 0xe0
0000            328   _AD0EN          BIT 0xef
0000            329   _AD0TM          BIT 0xee
0000            330   _AD0INT         BIT 0xed
0000            331   _AD0BUSY        BIT 0xec
0000            332   _AD0WINT        BIT 0xeb
0000            333   _AD0CM2         BIT 0xea
0000            334   _AD0CM1         BIT 0xe9
0000            335   _AD0CM0         BIT 0xe8
0000            336   _B_7            BIT 0xf7
0000            337   _B_6            BIT 0xf6
0000            338   _B_5            BIT 0xf5
0000            339   _B_4            BIT 0xf4
0000            340   _B_3            BIT 0xf3
0000            341   _B_2            BIT 0xf2
0000            342   _B_1            BIT 0xf1
0000            343   _B_0            BIT 0xf0
0000            344   _SPIF           BIT 0xff
0000            345   _WCOL           BIT 0xfe
0000            346   _MODF           BIT 0xfd
0000            347   _RXOVRN         BIT 0xfc
0000            348   _NSSMD1         BIT 0xfb
0000            349   _NSSMD0         BIT 0xfa
0000            350   _TXBMT          BIT 0xf9
0000            351   _SPIEN          BIT 0xf8
0000            352   ;--------------------------------------------------------
0000            353   ; overlayable register banks
0000            354   ;--------------------------------------------------------
0000            355            rbank0 segment data overlay
0000            356   ;--------------------------------------------------------
0000            357   ; internal ram data
0000            358   ;--------------------------------------------------------
0000            359            rseg R_DSEG
0000            360   ;--------------------------------------------------------
0000            361   ; overlayable items in internal ram 
0000            362   ;--------------------------------------------------------
0000            363            rseg    R_OSEG
0000            364   ;--------------------------------------------------------
0000            365   ; indirectly addressable internal ram data
0000            366   ;--------------------------------------------------------
0000            367            rseg R_ISEG
0000            368   ;--------------------------------------------------------
0000            369   ; absolute internal ram data
0000            370   ;--------------------------------------------------------
0000            371            DSEG
0000            372   ;--------------------------------------------------------
0000            373   ; bit data
0000            374   ;--------------------------------------------------------
0000            375            rseg R_BSEG
0000            376   ;--------------------------------------------------------
0000            377   ; paged external ram data
0000            378   ;--------------------------------------------------------
0000            379            rseg R_PSEG
0000            380   ;--------------------------------------------------------
0000            381   ; external ram data
0000            382   ;--------------------------------------------------------
0000            383            rseg R_XSEG
0000            384   ;--------------------------------------------------------
0000            385   ; absolute external ram data
0000            386   ;--------------------------------------------------------
0000            387            XSEG
0000            388   ;--------------------------------------------------------
0000            389   ; external initialized ram data
0000            390   ;--------------------------------------------------------
0000            391            rseg R_IXSEG
0000            392            rseg R_HOME
0000            393            rseg R_GSINIT
0000            394            rseg R_CSEG
0000            395   ;--------------------------------------------------------
0000            396   ; Reset entry point and interrupt vectors
0000            397   ;--------------------------------------------------------
0000            398            CSEG at 0x0000
0000 020100     399            ljmp    _crt0
0003            400   ;--------------------------------------------------------
0003            401   ; global & static initialisations
0003            402   ;--------------------------------------------------------
0000            403            rseg R_HOME
0000            404            rseg R_GSINIT
0000            405            rseg R_GSINIT
0000            406   ;--------------------------------------------------------
0000            407   ; data variables initialization
0000            408   ;--------------------------------------------------------
0000            409            rseg R_DINIT
0000            410            ; The linker places a 'ret' at the end of segment R_DINIT.
0000            411   ;--------------------------------------------------------
0000            412   ; code
0000            413   ;--------------------------------------------------------
0000            414            rseg R_CSEG
0000            415   ;------------------------------------------------------------
0000            416   ;Allocation info for local variables in function '_c51_external_startup'
0000            417   ;------------------------------------------------------------
0000            418   ;------------------------------------------------------------
0000            419   ;        Blinky.c:6: char _c51_external_startup (void)
0000            420   ;        -----------------------------------------
0000            421   ;         function _c51_external_startup
0000            422   ;        -----------------------------------------
0000            423   __c51_external_startup:
0000            424            using   0
0000            425   ;        Blinky.c:8: PCA0MD&=(~WDTE) ;    // DISABLE WDT: clear Watchdog Enable bit
0000 53D9BF     426            anl     _PCA0MD,#0xBF
0003            427   ;        Blinky.c:9: VDM0CN=0x80; // enable VDD monitor
0003 75FF80     428            mov     _VDM0CN,#0x80
0006            429   ;        Blinky.c:10: RSTSRC=0x02|0x04; // Enable reset on missing clock detector and VDD
0006 75EF06     430            mov     _RSTSRC,#0x06
0009            431   ;        Blinky.c:18: CLKSEL|=0b_0000_0011; // SYSCLK derived from the Internal High-Frequency Oscillator / 1.
0009 43A903     432            orl     _CLKSEL,#0x03
000C            433   ;        Blinky.c:22: OSCICN |= 0x03; // Configure internal oscillator for its maximum frequency
000C 43B203     434            orl     _OSCICN,#0x03
000F            435   ;        Blinky.c:25: P2MDOUT|=0b_0000_0010; // P2.1 has the LED
000F 43A602     436            orl     _P2MDOUT,#0x02
0012            437   ;        Blinky.c:26: XBR1     = 0x40; // Enable crossbar and weak pull-ups
0012 75E240     438            mov     _XBR1,#0x40
0015            439   ;        Blinky.c:28: return 0;
0015 758200     440            mov     dpl,#0x00
0018 22         441            ret
0019            442   ;------------------------------------------------------------
0019            443   ;Allocation info for local variables in function 'delay'
0019            444   ;------------------------------------------------------------
0019            445   ;x                         Allocated to registers r2 r3 
0019            446   ;j                         Allocated to registers r4 
0019            447   ;------------------------------------------------------------
0019            448   ;        Blinky.c:31: void delay (unsigned int x)
0019            449   ;        -----------------------------------------
0019            450   ;         function delay
0019            451   ;        -----------------------------------------
0019            452   _delay:
0019 AA82       453            mov     r2,dpl
001B AB83       454            mov     r3,dph
001D            455   ;        Blinky.c:34: while(--x)
001D            456   L003001?:
001D 1A         457            dec     r2
001E BAFFB0     458            cjne    r2,#0xff,L003014?
0021 1B         459            dec     r3
0022            460   L003014?:
0022 EA         461            mov     a,r2
0023 4B         462            orl     a,r3
0024 6001       463            jz      L003007?
0026            464   ;        Blinky.c:36: for(j=0; j<100; j++);
0026 7C64       465            mov     r4,#0x64
0028            466   L003006?:
0028 DC30       467            djnz    r4,L003006?
002A 8001       468            sjmp    L003001?
002C            469   L003007?:
002C 22         470            ret
002D            471   ;------------------------------------------------------------
002D            472   ;Allocation info for local variables in function 'main'
002D            473   ;------------------------------------------------------------
002D            474   ;------------------------------------------------------------
002D            475   ;        Blinky.c:40: void main (void)
002D            476   ;        -----------------------------------------
002D            477   ;         function main
002D            478   ;        -----------------------------------------
002D            479   _main:
002D            480   ;        Blinky.c:42: while(1)
002D            481   L004002?:
002D            482   ;        Blinky.c:44: P2_1=0;
002D C2A1       483            clr     _P2_1
002F            484   ;        Blinky.c:45: delay(50000);
002F 90C350     485            mov     dptr,#0xC350
0032 120100     486            lcall   _delay
0035            487   ;        Blinky.c:46: P2_1=1;
0035 D2A1       488            setb    _P2_1
0037            489   ;        Blinky.c:47: delay(50000);
0037 90C350     490            mov     dptr,#0xC350
003A 120100     491            lcall   _delay
003D 8001       492            sjmp    L004002?
003F            493            rseg R_CSEG
003F            494   
0000            495            rseg R_XINIT
0000            496   
0000            497            rseg R_CONST
0000            498   
0003            499            CSEG
0003            500   
0003            501   end
