0000              1   ;--------------------------------------------------------
0000              2   ; File Created by C51
0000              3   ; Version 1.0.0 #1069 (Apr 23 2015) (MSVC)
0000              4   ; This file was generated Sun Feb 26 20:43:17 2017
0000              5   ;--------------------------------------------------------
                  5   $name Tone_gen
                  6   $optc51 --model-small
0000              8            R_DSEG    segment data
0000              9            R_CSEG    segment code
0000             10            R_BSEG    segment bit
0000             11            R_XSEG    segment xdata
0000             12            R_PSEG    segment xdata
0000             13            R_ISEG    segment idata
0000             14            R_OSEG    segment data overlay
0000             15            BIT_BANK  segment data overlay
0000             16            R_HOME    segment code
0000             17            R_GSINIT  segment code
0000             18            R_IXSEG   segment xdata
0000             19            R_CONST   segment code
0000             20            R_XINIT   segment code
0000             21            R_DINIT   segment code
0000             22   
0000             23   ;--------------------------------------------------------
0000             24   ; Public variables in this module
0000             25   ;--------------------------------------------------------
0000             26            public _main
0000             27            public _Timer2_ISR
0000             28   ;--------------------------------------------------------
0000             29   ; Special Function Registers
0000             30   ;--------------------------------------------------------
0000             31   _P0             DATA 0x80
0000             32   _SP             DATA 0x81
0000             33   _DPL            DATA 0x82
0000             34   _DPH            DATA 0x83
0000             35   _EMI0TC         DATA 0x84
0000             36   _EMI0CF         DATA 0x85
0000             37   _OSCLCN         DATA 0x86
0000             38   _PCON           DATA 0x87
0000             39   _TCON           DATA 0x88
0000             40   _TMOD           DATA 0x89
0000             41   _TL0            DATA 0x8a
0000             42   _TL1            DATA 0x8b
0000             43   _TH0            DATA 0x8c
0000             44   _TH1            DATA 0x8d
0000             45   _CKCON          DATA 0x8e
0000             46   _PSCTL          DATA 0x8f
0000             47   _P1             DATA 0x90
0000             48   _TMR3CN         DATA 0x91
0000             49   _TMR4CN         DATA 0x91
0000             50   _TMR3RLL        DATA 0x92
0000             51   _TMR4RLL        DATA 0x92
0000             52   _TMR3RLH        DATA 0x93
0000             53   _TMR4RLH        DATA 0x93
0000             54   _TMR3L          DATA 0x94
0000             55   _TMR4L          DATA 0x94
0000             56   _TMR3H          DATA 0x95
0000             57   _TMR4H          DATA 0x95
0000             58   _USB0ADR        DATA 0x96
0000             59   _USB0DAT        DATA 0x97
0000             60   _SCON           DATA 0x98
0000             61   _SCON0          DATA 0x98
0000             62   _SBUF           DATA 0x99
0000             63   _SBUF0          DATA 0x99
0000             64   _CPT1CN         DATA 0x9a
0000             65   _CPT0CN         DATA 0x9b
0000             66   _CPT1MD         DATA 0x9c
0000             67   _CPT0MD         DATA 0x9d
0000             68   _CPT1MX         DATA 0x9e
0000             69   _CPT0MX         DATA 0x9f
0000             70   _P2             DATA 0xa0
0000             71   _SPI0CFG        DATA 0xa1
0000             72   _SPI0CKR        DATA 0xa2
0000             73   _SPI0DAT        DATA 0xa3
0000             74   _P0MDOUT        DATA 0xa4
0000             75   _P1MDOUT        DATA 0xa5
0000             76   _P2MDOUT        DATA 0xa6
0000             77   _P3MDOUT        DATA 0xa7
0000             78   _IE             DATA 0xa8
0000             79   _CLKSEL         DATA 0xa9
0000             80   _EMI0CN         DATA 0xaa
0000             81   __XPAGE         DATA 0xaa
0000             82   _SBCON1         DATA 0xac
0000             83   _P4MDOUT        DATA 0xae
0000             84   _PFE0CN         DATA 0xaf
0000             85   _P3             DATA 0xb0
0000             86   _OSCXCN         DATA 0xb1
0000             87   _OSCICN         DATA 0xb2
0000             88   _OSCICL         DATA 0xb3
0000             89   _SBRLL1         DATA 0xb4
0000             90   _SBRLH1         DATA 0xb5
0000             91   _FLSCL          DATA 0xb6
0000             92   _FLKEY          DATA 0xb7
0000             93   _IP             DATA 0xb8
0000             94   _CLKMUL         DATA 0xb9
0000             95   _SMBTC          DATA 0xb9
0000             96   _AMX0N          DATA 0xba
0000             97   _AMX0P          DATA 0xbb
0000             98   _ADC0CF         DATA 0xbc
0000             99   _ADC0L          DATA 0xbd
0000            100   _ADC0H          DATA 0xbe
0000            101   _SFRPAGE        DATA 0xbf
0000            102   _SMB0CN         DATA 0xc0
0000            103   _SMB1CN         DATA 0xc0
0000            104   _SMB0CF         DATA 0xc1
0000            105   _SMB1CF         DATA 0xc1
0000            106   _SMB0DAT        DATA 0xc2
0000            107   _SMB1DAT        DATA 0xc2
0000            108   _ADC0GTL        DATA 0xc3
0000            109   _ADC0GTH        DATA 0xc4
0000            110   _ADC0LTL        DATA 0xc5
0000            111   _ADC0LTH        DATA 0xc6
0000            112   _P4             DATA 0xc7
0000            113   _TMR2CN         DATA 0xc8
0000            114   _TMR5CN         DATA 0xc8
0000            115   _REG01CN        DATA 0xc9
0000            116   _TMR2RLL        DATA 0xca
0000            117   _TMR5RLL        DATA 0xca
0000            118   _TMR2RLH        DATA 0xcb
0000            119   _TMR5RLH        DATA 0xcb
0000            120   _TMR2L          DATA 0xcc
0000            121   _TMR5L          DATA 0xcc
0000            122   _TMR2H          DATA 0xcd
0000            123   _TMR5H          DATA 0xcd
0000            124   _SMB0ADM        DATA 0xce
0000            125   _SMB1ADM        DATA 0xce
0000            126   _SMB0ADR        DATA 0xcf
0000            127   _SMB1ADR        DATA 0xcf
0000            128   _PSW            DATA 0xd0
0000            129   _REF0CN         DATA 0xd1
0000            130   _SCON1          DATA 0xd2
0000            131   _SBUF1          DATA 0xd3
0000            132   _P0SKIP         DATA 0xd4
0000            133   _P1SKIP         DATA 0xd5
0000            134   _P2SKIP         DATA 0xd6
0000            135   _USB0XCN        DATA 0xd7
0000            136   _PCA0CN         DATA 0xd8
0000            137   _PCA0MD         DATA 0xd9
0000            138   _PCA0CPM0       DATA 0xda
0000            139   _PCA0CPM1       DATA 0xdb
0000            140   _PCA0CPM2       DATA 0xdc
0000            141   _PCA0CPM3       DATA 0xdd
0000            142   _PCA0CPM4       DATA 0xde
0000            143   _P3SKIP         DATA 0xdf
0000            144   _ACC            DATA 0xe0
0000            145   _XBR0           DATA 0xe1
0000            146   _XBR1           DATA 0xe2
0000            147   _XBR2           DATA 0xe3
0000            148   _IT01CF         DATA 0xe4
0000            149   _CKCON1         DATA 0xe4
0000            150   _SMOD1          DATA 0xe5
0000            151   _EIE1           DATA 0xe6
0000            152   _EIE2           DATA 0xe7
0000            153   _ADC0CN         DATA 0xe8
0000            154   _PCA0CPL1       DATA 0xe9
0000            155   _PCA0CPH1       DATA 0xea
0000            156   _PCA0CPL2       DATA 0xeb
0000            157   _PCA0CPH2       DATA 0xec
0000            158   _PCA0CPL3       DATA 0xed
0000            159   _PCA0CPH3       DATA 0xee
0000            160   _RSTSRC         DATA 0xef
0000            161   _B              DATA 0xf0
0000            162   _P0MDIN         DATA 0xf1
0000            163   _P1MDIN         DATA 0xf2
0000            164   _P2MDIN         DATA 0xf3
0000            165   _P3MDIN         DATA 0xf4
0000            166   _P4MDIN         DATA 0xf5
0000            167   _EIP1           DATA 0xf6
0000            168   _EIP2           DATA 0xf7
0000            169   _SPI0CN         DATA 0xf8
0000            170   _PCA0L          DATA 0xf9
0000            171   _PCA0H          DATA 0xfa
0000            172   _PCA0CPL0       DATA 0xfb
0000            173   _PCA0CPH0       DATA 0xfc
0000            174   _PCA0CPL4       DATA 0xfd
0000            175   _PCA0CPH4       DATA 0xfe
0000            176   _VDM0CN         DATA 0xff
0000            177   _DPTR           DATA 0x8382
0000            178   _TMR2RL         DATA 0xcbca
0000            179   _TMR3RL         DATA 0x9392
0000            180   _TMR4RL         DATA 0x9392
0000            181   _TMR5RL         DATA 0xcbca
0000            182   _TMR2           DATA 0xcdcc
0000            183   _TMR3           DATA 0x9594
0000            184   _TMR4           DATA 0x9594
0000            185   _TMR5           DATA 0xcdcc
0000            186   _SBRL1          DATA 0xb5b4
0000            187   _ADC0           DATA 0xbebd
0000            188   _ADC0GT         DATA 0xc4c3
0000            189   _ADC0LT         DATA 0xc6c5
0000            190   _PCA0           DATA 0xfaf9
0000            191   _PCA0CP1        DATA 0xeae9
0000            192   _PCA0CP2        DATA 0xeceb
0000            193   _PCA0CP3        DATA 0xeeed
0000            194   _PCA0CP0        DATA 0xfcfb
0000            195   _PCA0CP4        DATA 0xfefd
0000            196   ;--------------------------------------------------------
0000            197   ; special function bits
0000            198   ;--------------------------------------------------------
0000            199   _P0_0           BIT 0x80
0000            200   _P0_1           BIT 0x81
0000            201   _P0_2           BIT 0x82
0000            202   _P0_3           BIT 0x83
0000            203   _P0_4           BIT 0x84
0000            204   _P0_5           BIT 0x85
0000            205   _P0_6           BIT 0x86
0000            206   _P0_7           BIT 0x87
0000            207   _TF1            BIT 0x8f
0000            208   _TR1            BIT 0x8e
0000            209   _TF0            BIT 0x8d
0000            210   _TR0            BIT 0x8c
0000            211   _IE1            BIT 0x8b
0000            212   _IT1            BIT 0x8a
0000            213   _IE0            BIT 0x89
0000            214   _IT0            BIT 0x88
0000            215   _P1_0           BIT 0x90
0000            216   _P1_1           BIT 0x91
0000            217   _P1_2           BIT 0x92
0000            218   _P1_3           BIT 0x93
0000            219   _P1_4           BIT 0x94
0000            220   _P1_5           BIT 0x95
0000            221   _P1_6           BIT 0x96
0000            222   _P1_7           BIT 0x97
0000            223   _S0MODE         BIT 0x9f
0000            224   _SCON0_6        BIT 0x9e
0000            225   _MCE0           BIT 0x9d
0000            226   _REN0           BIT 0x9c
0000            227   _TB80           BIT 0x9b
0000            228   _RB80           BIT 0x9a
0000            229   _TI0            BIT 0x99
0000            230   _RI0            BIT 0x98
0000            231   _SCON_6         BIT 0x9e
0000            232   _MCE            BIT 0x9d
0000            233   _REN            BIT 0x9c
0000            234   _TB8            BIT 0x9b
0000            235   _RB8            BIT 0x9a
0000            236   _TI             BIT 0x99
0000            237   _RI             BIT 0x98
0000            238   _P2_0           BIT 0xa0
0000            239   _P2_1           BIT 0xa1
0000            240   _P2_2           BIT 0xa2
0000            241   _P2_3           BIT 0xa3
0000            242   _P2_4           BIT 0xa4
0000            243   _P2_5           BIT 0xa5
0000            244   _P2_6           BIT 0xa6
0000            245   _P2_7           BIT 0xa7
0000            246   _EA             BIT 0xaf
0000            247   _ESPI0          BIT 0xae
0000            248   _ET2            BIT 0xad
0000            249   _ES0            BIT 0xac
0000            250   _ET1            BIT 0xab
0000            251   _EX1            BIT 0xaa
0000            252   _ET0            BIT 0xa9
0000            253   _EX0            BIT 0xa8
0000            254   _P3_0           BIT 0xb0
0000            255   _P3_1           BIT 0xb1
0000            256   _P3_2           BIT 0xb2
0000            257   _P3_3           BIT 0xb3
0000            258   _P3_4           BIT 0xb4
0000            259   _P3_5           BIT 0xb5
0000            260   _P3_6           BIT 0xb6
0000            261   _P3_7           BIT 0xb7
0000            262   _IP_7           BIT 0xbf
0000            263   _PSPI0          BIT 0xbe
0000            264   _PT2            BIT 0xbd
0000            265   _PS0            BIT 0xbc
0000            266   _PT1            BIT 0xbb
0000            267   _PX1            BIT 0xba
0000            268   _PT0            BIT 0xb9
0000            269   _PX0            BIT 0xb8
0000            270   _MASTER0        BIT 0xc7
0000            271   _TXMODE0        BIT 0xc6
0000            272   _STA0           BIT 0xc5
0000            273   _STO0           BIT 0xc4
0000            274   _ACKRQ0         BIT 0xc3
0000            275   _ARBLOST0       BIT 0xc2
0000            276   _ACK0           BIT 0xc1
0000            277   _SI0            BIT 0xc0
0000            278   _MASTER1        BIT 0xc7
0000            279   _TXMODE1        BIT 0xc6
0000            280   _STA1           BIT 0xc5
0000            281   _STO1           BIT 0xc4
0000            282   _ACKRQ1         BIT 0xc3
0000            283   _ARBLOST1       BIT 0xc2
0000            284   _ACK1           BIT 0xc1
0000            285   _SI1            BIT 0xc0
0000            286   _TF2            BIT 0xcf
0000            287   _TF2H           BIT 0xcf
0000            288   _TF2L           BIT 0xce
0000            289   _TF2LEN         BIT 0xcd
0000            290   _TF2CEN         BIT 0xcc
0000            291   _T2SPLIT        BIT 0xcb
0000            292   _TR2            BIT 0xca
0000            293   _T2CSS          BIT 0xc9
0000            294   _T2XCLK         BIT 0xc8
0000            295   _TF5H           BIT 0xcf
0000            296   _TF5L           BIT 0xce
0000            297   _TF5LEN         BIT 0xcd
0000            298   _TMR5CN_4       BIT 0xcc
0000            299   _T5SPLIT        BIT 0xcb
0000            300   _TR5            BIT 0xca
0000            301   _TMR5CN_1       BIT 0xc9
0000            302   _T5XCLK         BIT 0xc8
0000            303   _CY             BIT 0xd7
0000            304   _AC             BIT 0xd6
0000            305   _F0             BIT 0xd5
0000            306   _RS1            BIT 0xd4
0000            307   _RS0            BIT 0xd3
0000            308   _OV             BIT 0xd2
0000            309   _F1             BIT 0xd1
0000            310   _PARITY         BIT 0xd0
0000            311   _CF             BIT 0xdf
0000            312   _CR             BIT 0xde
0000            313   _PCA0CN_5       BIT 0xde
0000            314   _CCF4           BIT 0xdc
0000            315   _CCF3           BIT 0xdb
0000            316   _CCF2           BIT 0xda
0000            317   _CCF1           BIT 0xd9
0000            318   _CCF0           BIT 0xd8
0000            319   _ACC_7          BIT 0xe7
0000            320   _ACC_6          BIT 0xe6
0000            321   _ACC_5          BIT 0xe5
0000            322   _ACC_4          BIT 0xe4
0000            323   _ACC_3          BIT 0xe3
0000            324   _ACC_2          BIT 0xe2
0000            325   _ACC_1          BIT 0xe1
0000            326   _ACC_0          BIT 0xe0
0000            327   _AD0EN          BIT 0xef
0000            328   _AD0TM          BIT 0xee
0000            329   _AD0INT         BIT 0xed
0000            330   _AD0BUSY        BIT 0xec
0000            331   _AD0WINT        BIT 0xeb
0000            332   _AD0CM2         BIT 0xea
0000            333   _AD0CM1         BIT 0xe9
0000            334   _AD0CM0         BIT 0xe8
0000            335   _B_7            BIT 0xf7
0000            336   _B_6            BIT 0xf6
0000            337   _B_5            BIT 0xf5
0000            338   _B_4            BIT 0xf4
0000            339   _B_3            BIT 0xf3
0000            340   _B_2            BIT 0xf2
0000            341   _B_1            BIT 0xf1
0000            342   _B_0            BIT 0xf0
0000            343   _SPIF           BIT 0xff
0000            344   _WCOL           BIT 0xfe
0000            345   _MODF           BIT 0xfd
0000            346   _RXOVRN         BIT 0xfc
0000            347   _NSSMD1         BIT 0xfb
0000            348   _NSSMD0         BIT 0xfa
0000            349   _TXBMT          BIT 0xf9
0000            350   _SPIEN          BIT 0xf8
0000            351   ;--------------------------------------------------------
0000            352   ; overlayable register banks
0000            353   ;--------------------------------------------------------
0000            354            rbank0 segment data overlay
0000            355   ;--------------------------------------------------------
0000            356   ; internal ram data
0000            357   ;--------------------------------------------------------
0000            358            rseg R_DSEG
0000            359   _main_f_1_45:
0000            360            ds 4
0004            361   ;--------------------------------------------------------
0004            362   ; overlayable items in internal ram 
0004            363   ;--------------------------------------------------------
0000            364            rseg R_OSEG
0000            365   ;--------------------------------------------------------
0000            366   ; indirectly addressable internal ram data
0000            367   ;--------------------------------------------------------
0000            368            rseg R_ISEG
0000            369   ;--------------------------------------------------------
0000            370   ; absolute internal ram data
0000            371   ;--------------------------------------------------------
0000            372            DSEG
0000            373   ;--------------------------------------------------------
0000            374   ; bit data
0000            375   ;--------------------------------------------------------
0000            376            rseg R_BSEG
0000            377   ;--------------------------------------------------------
0000            378   ; paged external ram data
0000            379   ;--------------------------------------------------------
0000            380            rseg R_PSEG
0000            381   ;--------------------------------------------------------
0000            382   ; external ram data
0000            383   ;--------------------------------------------------------
0000            384            rseg R_XSEG
0000            385   ;--------------------------------------------------------
0000            386   ; absolute external ram data
0000            387   ;--------------------------------------------------------
0000            388            XSEG
0000            389   ;--------------------------------------------------------
0000            390   ; external initialized ram data
0000            391   ;--------------------------------------------------------
0000            392            rseg R_IXSEG
0000            393            rseg R_HOME
0000            394            rseg R_GSINIT
0000            395            rseg R_CSEG
0000            396   ;--------------------------------------------------------
0000            397   ; Reset entry point and interrupt vectors
0000            398   ;--------------------------------------------------------
0000            399            CSEG at 0x0000
0000 020100     400            ljmp    _crt0
002B            401            CSEG at 0x002b
002B 020100     402            ljmp    _Timer2_ISR
002E            403   ;--------------------------------------------------------
002E            404   ; global & static initialisations
002E            405   ;--------------------------------------------------------
0000            406            rseg R_HOME
0000            407            rseg R_GSINIT
0000            408            rseg R_GSINIT
0000            409   ;--------------------------------------------------------
0000            410   ; data variables initialization
0000            411   ;--------------------------------------------------------
0000            412            rseg R_DINIT
0000            413            ; The linker places a 'ret' at the end of segment R_DINIT.
0000            414   ;--------------------------------------------------------
0000            415   ; code
0000            416   ;--------------------------------------------------------
0000            417            rseg R_CSEG
0000            418   ;------------------------------------------------------------
0000            419   ;Allocation info for local variables in function 'Timer2_ISR'
0000            420   ;------------------------------------------------------------
0000            421   ;------------------------------------------------------------
0000            422   ;        Tone_gen.c:11: void Timer2_ISR (void) interrupt INTERRUPT_TIMER2
0000            423   ;        -----------------------------------------
0000            424   ;         function Timer2_ISR
0000            425   ;        -----------------------------------------
0000            426   _Timer2_ISR:
0000            427            using   0
0000 C0D0       428            push    psw
0002 75D000     429            mov     psw,#0x00
0005            430   ;        Tone_gen.c:13: TF2H = 0; // Clear Timer2 interrupt flag
0005 C2CF       431            clr     _TF2H
0007            432   ;        Tone_gen.c:14: OUT0=!OUT0;
0007 B2A0       433            cpl     _P2_0
0009            434   ;        Tone_gen.c:15: OUT1=!OUT0;
0009 A2A0       435            mov     c,_P2_0
000B B3         436            cpl     c
000C 92A1       437            mov     _P2_1,c
000E D0D0       438            pop     psw
0010 32         439            reti
0011            440   ;        eliminated unneeded push/pop dpl
0011            441   ;        eliminated unneeded push/pop dph
0011            442   ;        eliminated unneeded push/pop b
0011            443   ;        eliminated unneeded push/pop acc
0011            444   ;------------------------------------------------------------
0011            445   ;Allocation info for local variables in function 'main'
0011            446   ;------------------------------------------------------------
0011            447   ;x                         Allocated to registers r2 r3 r4 r5 
0011            448   ;f                         Allocated with name '_main_f_1_45'
0011            449   ;------------------------------------------------------------
0011            450   ;        Tone_gen.c:18: void main (void)
0011            451   ;        -----------------------------------------
0011            452   ;         function main
0011            453   ;        -----------------------------------------
0011            454   _main:
0011            455   ;        Tone_gen.c:22: printf("\x1b[2J"); // Clear screen using ANSI escape sequence.
0011 7430       456            mov     a,#__str_0
0013 C0E0       457            push    acc
0015 749B       458            mov     a,#(__str_0 >> 8)
0017 C0E0       459            push    acc
0019 7480       460            mov     a,#0x80
001B C0E0       461            push    acc
001D 120100     462            lcall   _printf
0020 1581       463            dec     sp
0022 1581       464            dec     sp
0024 1581       465            dec     sp
0026            466   ;        Tone_gen.c:24: "Check pins P2.0 and P2.1 with the oscilloscope.\r\n");
0026 7430       467            mov     a,#__str_1
0028 C0E0       468            push    acc
002A 749C       469            mov     a,#(__str_1 >> 8)
002C C0E0       470            push    acc
002E 7480       471            mov     a,#0x80
0030 C0E0       472            push    acc
0032 120100     473            lcall   _printf
0035 1581       474            dec     sp
0037 1581       475            dec     sp
0039 1581       476            dec     sp
003B            477   ;        Tone_gen.c:26: while(1)
003B            478   L003005?:
003B            479   ;        Tone_gen.c:28: printf("New frequency=");
003B 74B0       480            mov     a,#__str_2
003D C0E0       481            push    acc
003F 749C       482            mov     a,#(__str_2 >> 8)
0041 C0E0       483            push    acc
0043 7480       484            mov     a,#0x80
0045 C0E0       485            push    acc
0047 120100     486            lcall   _printf
004A 1581       487            dec     sp
004C 1581       488            dec     sp
004E 1581       489            dec     sp
0050            490   ;        Tone_gen.c:29: scanf("%lu", &f);
0050 7470       491            mov     a,#_main_f_1_45
0052 C0E0       492            push    acc
0054 749A       493            mov     a,#(_main_f_1_45 >> 8)
0056 C0E0       494            push    acc
0058 7440       495            mov     a,#0x40
005A C0E0       496            push    acc
005C 74F0       497            mov     a,#__str_3
005E C0E0       498            push    acc
0060 749C       499            mov     a,#(__str_3 >> 8)
0062 C0E0       500            push    acc
0064 7480       501            mov     a,#0x80
0066 C0E0       502            push    acc
0068 120100     503            lcall   _scanf
006B E581       504            mov     a,sp
006D 24FA       505            add     a,#0xfa
006F F581       506            mov     sp,a
0071            507   ;        Tone_gen.c:30: x=(SYSCLK/(2L*f));
0071 E570       508            mov     a,_main_f_1_45
0073 2570       509            add     a,_main_f_1_45
0075 F500       510            mov     __divulong_PARM_2,a
0077 E571       511            mov     a,(_main_f_1_45 + 1)
0079 33         512            rlc     a
007A F501       513            mov     (__divulong_PARM_2 + 1),a
007C E572       514            mov     a,(_main_f_1_45 + 2)
007E 33         515            rlc     a
007F F502       516            mov     (__divulong_PARM_2 + 2),a
0081 E573       517            mov     a,(_main_f_1_45 + 3)
0083 33         518            rlc     a
0084 F503       519            mov     (__divulong_PARM_2 + 3),a
0086 906C00     520            mov     dptr,#0x6C00
0089 75F0DC     521            mov     b,#0xDC
008C 7402       522            mov     a,#0x02
008E 120100     523            lcall   __divulong
0091 AA82       524            mov     r2,dpl
0093 AB83       525            mov     r3,dph
0095 ACF0       526            mov     r4,b
0097 FD         527            mov     r5,a
0098            528   ;        Tone_gen.c:31: if(x>0xffff)
0098 C3         529            clr     c
0099 74FF       530            mov     a,#0xFF
009B 9A         531            subb    a,r2
009C 74FF       532            mov     a,#0xFF
009E 9B         533            subb    a,r3
009F E4         534            clr     a
00A0 9C         535            subb    a,r4
00A1 E4         536            clr     a
00A2 9D         537            subb    a,r5
00A3 5001       538            jnc     L003002?
00A5            539   ;        Tone_gen.c:33: printf("Sorry %lu Hz is out of range.\n", f);
00A5 C070       540            push    _main_f_1_45
00A7 C071       541            push    (_main_f_1_45 + 1)
00A9 C072       542            push    (_main_f_1_45 + 2)
00AB C073       543            push    (_main_f_1_45 + 3)
00AD 7400       544            mov     a,#__str_4
00AF C0E0       545            push    acc
00B1 749F       546            mov     a,#(__str_4 >> 8)
00B3 C0E0       547            push    acc
00B5 7480       548            mov     a,#0x80
00B7 C0E0       549            push    acc
00B9 120100     550            lcall   _printf
00BC E581       551            mov     a,sp
00BE 24F9       552            add     a,#0xf9
00C0 F581       553            mov     sp,a
00C2 020100     554            ljmp    L003005?
00C5            555   L003002?:
00C5            556   ;        Tone_gen.c:37: TR2=0; // Stop timer 2
00C5 C2CA       557            clr     _TR2
00C7            558   ;        Tone_gen.c:38: TMR2RL=0x10000L-x; // Change reload value for new frequency
00C7 E4         559            clr     a
00C8 C3         560            clr     c
00C9 9A         561            subb    a,r2
00CA FA         562            mov     r2,a
00CB E4         563            clr     a
00CC 9B         564            subb    a,r3
00CD FB         565            mov     r3,a
00CE 7401       566            mov     a,#0x01
00D0 9C         567            subb    a,r4
00D1 E4         568            clr     a
00D2 9D         569            subb    a,r5
00D3 8ACA       570            mov     _TMR2RL,r2
00D5 8BCB       571            mov     (_TMR2RL >> 8),r3
00D7            572   ;        Tone_gen.c:39: TR2=1; // Start timer 2
00D7 D2CA       573            setb    _TR2
00D9            574   ;        Tone_gen.c:40: f=SYSCLK/(2L*(0x10000L-TMR2RL));
00D9 AACA       575            mov     r2,_TMR2RL
00DB ABCB       576            mov     r3,(_TMR2RL >> 8)
00DD 7C00       577            mov     r4,#0x00
00DF E4         578            clr     a
00E0 FD         579            mov     r5,a
00E1 C3         580            clr     c
00E2 9A         581            subb    a,r2
00E3 FA         582            mov     r2,a
00E4 E4         583            clr     a
00E5 9B         584            subb    a,r3
00E6 FB         585            mov     r3,a
00E7 7401       586            mov     a,#0x01
00E9 9C         587            subb    a,r4
00EA FC         588            mov     r4,a
00EB E4         589            clr     a
00EC 9D         590            subb    a,r5
00ED FD         591            mov     r5,a
00EE EA         592            mov     a,r2
00EF 2A         593            add     a,r2
00F0 F500       594            mov     __divslong_PARM_2,a
00F2 EB         595            mov     a,r3
00F3 33         596            rlc     a
00F4 F501       597            mov     (__divslong_PARM_2 + 1),a
00F6 EC         598            mov     a,r4
00F7 33         599            rlc     a
00F8 F502       600            mov     (__divslong_PARM_2 + 2),a
00FA ED         601            mov     a,r5
00FB 33         602            rlc     a
00FC F503       603            mov     (__divslong_PARM_2 + 3),a
00FE 906C00     604            mov     dptr,#0x6C00
0101 75F0DC     605            mov     b,#0xDC
0104 7402       606            mov     a,#0x02
0106 120100     607            lcall   __divslong
0109 AA82       608            mov     r2,dpl
010B AB83       609            mov     r3,dph
010D ACF0       610            mov     r4,b
010F FD         611            mov     r5,a
0110 8A70       612            mov     _main_f_1_45,r2
0112 8B71       613            mov     (_main_f_1_45 + 1),r3
0114 8C72       614            mov     (_main_f_1_45 + 2),r4
0116 8D73       615            mov     (_main_f_1_45 + 3),r5
0118            616   ;        Tone_gen.c:41: printf("\nActual frequency: %lu\n", f);
0118 C002       617            push    ar2
011A C003       618            push    ar3
011C C004       619            push    ar4
011E C005       620            push    ar5
0120 74D0       621            mov     a,#__str_5
0122 C0E0       622            push    acc
0124 749F       623            mov     a,#(__str_5 >> 8)
0126 C0E0       624            push    acc
0128 7480       625            mov     a,#0x80
012A C0E0       626            push    acc
012C 120100     627            lcall   _printf
012F E581       628            mov     a,sp
0131 24F9       629            add     a,#0xf9
0133 F581       630            mov     sp,a
0135 020100     631            ljmp    L003005?
0138            632            rseg R_CSEG
0138            633   
0000            634            rseg R_XINIT
0000            635   
0000            636            rseg R_CONST
0000            637   __str_0:
0000 1B         638            db 0x1B
0001 5B324A     639            db '[2J'
0004 00         640            db 0x00
0005            641   __str_1:
0005 56617269   642            db 'Variable frequency generator for the F38x.'
     61626C65
     20667265
     7175656E
     63792067
     656E6572
     61746F72
     20666F72
     20746865
     20463338
     782E
002F 0D         643            db 0x0D
0030 0A         644            db 0x0A
0031 43686563   645            db 'Check pins P2.0 '
     6B207069
     6E732050
     322E3020
0041 616E6420   646            db 'and P2.1 with the oscilloscope.'
     50322E31
     20776974
     68207468
     65206F73
     63696C6C
     6F73636F
     70652E
0060 0D         647            db 0x0D
0061 0A         648            db 0x0A
0062 00         649            db 0x00
0063            650   __str_2:
0063 4E657720   651            db 'New frequency='
     66726571
     75656E63
     793D
0071 00         652            db 0x00
0072            653   __str_3:
0072 256C75     654            db '%lu'
0075 00         655            db 0x00
0076            656   __str_4:
0076 536F7272   657            db 'Sorry %lu Hz is out of range.'
     7920256C
     7520487A
     20697320
     6F757420
     6F662072
     616E6765
     2E
0093 0A         658            db 0x0A
0094 00         659            db 0x00
0095            660   __str_5:
0095 0A         661            db 0x0A
0096 41637475   662            db 'Actual frequency: %lu'
     616C2066
     72657175
     656E6379
     3A20256C
     75
00AB 0A         663            db 0x0A
00AC 00         664            db 0x00
00AD            665   
002E            666            CSEG
002E            667   
002E            668   end
