0000              1   ;--------------------------------------------------------
0000              2   ; File Created by C51
0000              3   ; Version 1.0.0 #1069 (Apr 23 2015) (MSVC)
0000              4   ; This file was generated Sun Feb 26 16:15:45 2017
0000              5   ;--------------------------------------------------------
                  5   $name F38x_ADC_temp
                  6   $optc51 --model-small
                  7   $printf_float
0000              9            R_DSEG    segment data
0000             10            R_CSEG    segment code
0000             11            R_BSEG    segment bit
0000             12            R_XSEG    segment xdata
0000             13            R_PSEG    segment xdata
0000             14            R_ISEG    segment idata
0000             15            R_OSEG    segment data overlay
0000             16            BIT_BANK  segment data overlay
0000             17            R_HOME    segment code
0000             18            R_GSINIT  segment code
0000             19            R_IXSEG   segment xdata
0000             20            R_CONST   segment code
0000             21            R_XINIT   segment code
0000             22            R_DINIT   segment code
0000             23   
0000             24   ;--------------------------------------------------------
0000             25   ; Public variables in this module
0000             26   ;--------------------------------------------------------
0000             27            public _main
0000             28            public _waitms
0000             29            public _Timer3us
0000             30            public __c51_external_startup
0000             31   ;--------------------------------------------------------
0000             32   ; Special Function Registers
0000             33   ;--------------------------------------------------------
0000             34   _P0             DATA 0x80
0000             35   _SP             DATA 0x81
0000             36   _DPL            DATA 0x82
0000             37   _DPH            DATA 0x83
0000             38   _EMI0TC         DATA 0x84
0000             39   _EMI0CF         DATA 0x85
0000             40   _OSCLCN         DATA 0x86
0000             41   _PCON           DATA 0x87
0000             42   _TCON           DATA 0x88
0000             43   _TMOD           DATA 0x89
0000             44   _TL0            DATA 0x8a
0000             45   _TL1            DATA 0x8b
0000             46   _TH0            DATA 0x8c
0000             47   _TH1            DATA 0x8d
0000             48   _CKCON          DATA 0x8e
0000             49   _PSCTL          DATA 0x8f
0000             50   _P1             DATA 0x90
0000             51   _TMR3CN         DATA 0x91
0000             52   _TMR4CN         DATA 0x91
0000             53   _TMR3RLL        DATA 0x92
0000             54   _TMR4RLL        DATA 0x92
0000             55   _TMR3RLH        DATA 0x93
0000             56   _TMR4RLH        DATA 0x93
0000             57   _TMR3L          DATA 0x94
0000             58   _TMR4L          DATA 0x94
0000             59   _TMR3H          DATA 0x95
0000             60   _TMR4H          DATA 0x95
0000             61   _USB0ADR        DATA 0x96
0000             62   _USB0DAT        DATA 0x97
0000             63   _SCON           DATA 0x98
0000             64   _SCON0          DATA 0x98
0000             65   _SBUF           DATA 0x99
0000             66   _SBUF0          DATA 0x99
0000             67   _CPT1CN         DATA 0x9a
0000             68   _CPT0CN         DATA 0x9b
0000             69   _CPT1MD         DATA 0x9c
0000             70   _CPT0MD         DATA 0x9d
0000             71   _CPT1MX         DATA 0x9e
0000             72   _CPT0MX         DATA 0x9f
0000             73   _P2             DATA 0xa0
0000             74   _SPI0CFG        DATA 0xa1
0000             75   _SPI0CKR        DATA 0xa2
0000             76   _SPI0DAT        DATA 0xa3
0000             77   _P0MDOUT        DATA 0xa4
0000             78   _P1MDOUT        DATA 0xa5
0000             79   _P2MDOUT        DATA 0xa6
0000             80   _P3MDOUT        DATA 0xa7
0000             81   _IE             DATA 0xa8
0000             82   _CLKSEL         DATA 0xa9
0000             83   _EMI0CN         DATA 0xaa
0000             84   __XPAGE         DATA 0xaa
0000             85   _SBCON1         DATA 0xac
0000             86   _P4MDOUT        DATA 0xae
0000             87   _PFE0CN         DATA 0xaf
0000             88   _P3             DATA 0xb0
0000             89   _OSCXCN         DATA 0xb1
0000             90   _OSCICN         DATA 0xb2
0000             91   _OSCICL         DATA 0xb3
0000             92   _SBRLL1         DATA 0xb4
0000             93   _SBRLH1         DATA 0xb5
0000             94   _FLSCL          DATA 0xb6
0000             95   _FLKEY          DATA 0xb7
0000             96   _IP             DATA 0xb8
0000             97   _CLKMUL         DATA 0xb9
0000             98   _SMBTC          DATA 0xb9
0000             99   _AMX0N          DATA 0xba
0000            100   _AMX0P          DATA 0xbb
0000            101   _ADC0CF         DATA 0xbc
0000            102   _ADC0L          DATA 0xbd
0000            103   _ADC0H          DATA 0xbe
0000            104   _SFRPAGE        DATA 0xbf
0000            105   _SMB0CN         DATA 0xc0
0000            106   _SMB1CN         DATA 0xc0
0000            107   _SMB0CF         DATA 0xc1
0000            108   _SMB1CF         DATA 0xc1
0000            109   _SMB0DAT        DATA 0xc2
0000            110   _SMB1DAT        DATA 0xc2
0000            111   _ADC0GTL        DATA 0xc3
0000            112   _ADC0GTH        DATA 0xc4
0000            113   _ADC0LTL        DATA 0xc5
0000            114   _ADC0LTH        DATA 0xc6
0000            115   _P4             DATA 0xc7
0000            116   _TMR2CN         DATA 0xc8
0000            117   _TMR5CN         DATA 0xc8
0000            118   _REG01CN        DATA 0xc9
0000            119   _TMR2RLL        DATA 0xca
0000            120   _TMR5RLL        DATA 0xca
0000            121   _TMR2RLH        DATA 0xcb
0000            122   _TMR5RLH        DATA 0xcb
0000            123   _TMR2L          DATA 0xcc
0000            124   _TMR5L          DATA 0xcc
0000            125   _TMR2H          DATA 0xcd
0000            126   _TMR5H          DATA 0xcd
0000            127   _SMB0ADM        DATA 0xce
0000            128   _SMB1ADM        DATA 0xce
0000            129   _SMB0ADR        DATA 0xcf
0000            130   _SMB1ADR        DATA 0xcf
0000            131   _PSW            DATA 0xd0
0000            132   _REF0CN         DATA 0xd1
0000            133   _SCON1          DATA 0xd2
0000            134   _SBUF1          DATA 0xd3
0000            135   _P0SKIP         DATA 0xd4
0000            136   _P1SKIP         DATA 0xd5
0000            137   _P2SKIP         DATA 0xd6
0000            138   _USB0XCN        DATA 0xd7
0000            139   _PCA0CN         DATA 0xd8
0000            140   _PCA0MD         DATA 0xd9
0000            141   _PCA0CPM0       DATA 0xda
0000            142   _PCA0CPM1       DATA 0xdb
0000            143   _PCA0CPM2       DATA 0xdc
0000            144   _PCA0CPM3       DATA 0xdd
0000            145   _PCA0CPM4       DATA 0xde
0000            146   _P3SKIP         DATA 0xdf
0000            147   _ACC            DATA 0xe0
0000            148   _XBR0           DATA 0xe1
0000            149   _XBR1           DATA 0xe2
0000            150   _XBR2           DATA 0xe3
0000            151   _IT01CF         DATA 0xe4
0000            152   _CKCON1         DATA 0xe4
0000            153   _SMOD1          DATA 0xe5
0000            154   _EIE1           DATA 0xe6
0000            155   _EIE2           DATA 0xe7
0000            156   _ADC0CN         DATA 0xe8
0000            157   _PCA0CPL1       DATA 0xe9
0000            158   _PCA0CPH1       DATA 0xea
0000            159   _PCA0CPL2       DATA 0xeb
0000            160   _PCA0CPH2       DATA 0xec
0000            161   _PCA0CPL3       DATA 0xed
0000            162   _PCA0CPH3       DATA 0xee
0000            163   _RSTSRC         DATA 0xef
0000            164   _B              DATA 0xf0
0000            165   _P0MDIN         DATA 0xf1
0000            166   _P1MDIN         DATA 0xf2
0000            167   _P2MDIN         DATA 0xf3
0000            168   _P3MDIN         DATA 0xf4
0000            169   _P4MDIN         DATA 0xf5
0000            170   _EIP1           DATA 0xf6
0000            171   _EIP2           DATA 0xf7
0000            172   _SPI0CN         DATA 0xf8
0000            173   _PCA0L          DATA 0xf9
0000            174   _PCA0H          DATA 0xfa
0000            175   _PCA0CPL0       DATA 0xfb
0000            176   _PCA0CPH0       DATA 0xfc
0000            177   _PCA0CPL4       DATA 0xfd
0000            178   _PCA0CPH4       DATA 0xfe
0000            179   _VDM0CN         DATA 0xff
0000            180   _DPTR           DATA 0x8382
0000            181   _TMR2RL         DATA 0xcbca
0000            182   _TMR3RL         DATA 0x9392
0000            183   _TMR4RL         DATA 0x9392
0000            184   _TMR5RL         DATA 0xcbca
0000            185   _TMR2           DATA 0xcdcc
0000            186   _TMR3           DATA 0x9594
0000            187   _TMR4           DATA 0x9594
0000            188   _TMR5           DATA 0xcdcc
0000            189   _SBRL1          DATA 0xb5b4
0000            190   _ADC0           DATA 0xbebd
0000            191   _ADC0GT         DATA 0xc4c3
0000            192   _ADC0LT         DATA 0xc6c5
0000            193   _PCA0           DATA 0xfaf9
0000            194   _PCA0CP1        DATA 0xeae9
0000            195   _PCA0CP2        DATA 0xeceb
0000            196   _PCA0CP3        DATA 0xeeed
0000            197   _PCA0CP0        DATA 0xfcfb
0000            198   _PCA0CP4        DATA 0xfefd
0000            199   ;--------------------------------------------------------
0000            200   ; special function bits
0000            201   ;--------------------------------------------------------
0000            202   _P0_0           BIT 0x80
0000            203   _P0_1           BIT 0x81
0000            204   _P0_2           BIT 0x82
0000            205   _P0_3           BIT 0x83
0000            206   _P0_4           BIT 0x84
0000            207   _P0_5           BIT 0x85
0000            208   _P0_6           BIT 0x86
0000            209   _P0_7           BIT 0x87
0000            210   _TF1            BIT 0x8f
0000            211   _TR1            BIT 0x8e
0000            212   _TF0            BIT 0x8d
0000            213   _TR0            BIT 0x8c
0000            214   _IE1            BIT 0x8b
0000            215   _IT1            BIT 0x8a
0000            216   _IE0            BIT 0x89
0000            217   _IT0            BIT 0x88
0000            218   _P1_0           BIT 0x90
0000            219   _P1_1           BIT 0x91
0000            220   _P1_2           BIT 0x92
0000            221   _P1_3           BIT 0x93
0000            222   _P1_4           BIT 0x94
0000            223   _P1_5           BIT 0x95
0000            224   _P1_6           BIT 0x96
0000            225   _P1_7           BIT 0x97
0000            226   _S0MODE         BIT 0x9f
0000            227   _SCON0_6        BIT 0x9e
0000            228   _MCE0           BIT 0x9d
0000            229   _REN0           BIT 0x9c
0000            230   _TB80           BIT 0x9b
0000            231   _RB80           BIT 0x9a
0000            232   _TI0            BIT 0x99
0000            233   _RI0            BIT 0x98
0000            234   _SCON_6         BIT 0x9e
0000            235   _MCE            BIT 0x9d
0000            236   _REN            BIT 0x9c
0000            237   _TB8            BIT 0x9b
0000            238   _RB8            BIT 0x9a
0000            239   _TI             BIT 0x99
0000            240   _RI             BIT 0x98
0000            241   _P2_0           BIT 0xa0
0000            242   _P2_1           BIT 0xa1
0000            243   _P2_2           BIT 0xa2
0000            244   _P2_3           BIT 0xa3
0000            245   _P2_4           BIT 0xa4
0000            246   _P2_5           BIT 0xa5
0000            247   _P2_6           BIT 0xa6
0000            248   _P2_7           BIT 0xa7
0000            249   _EA             BIT 0xaf
0000            250   _ESPI0          BIT 0xae
0000            251   _ET2            BIT 0xad
0000            252   _ES0            BIT 0xac
0000            253   _ET1            BIT 0xab
0000            254   _EX1            BIT 0xaa
0000            255   _ET0            BIT 0xa9
0000            256   _EX0            BIT 0xa8
0000            257   _P3_0           BIT 0xb0
0000            258   _P3_1           BIT 0xb1
0000            259   _P3_2           BIT 0xb2
0000            260   _P3_3           BIT 0xb3
0000            261   _P3_4           BIT 0xb4
0000            262   _P3_5           BIT 0xb5
0000            263   _P3_6           BIT 0xb6
0000            264   _P3_7           BIT 0xb7
0000            265   _IP_7           BIT 0xbf
0000            266   _PSPI0          BIT 0xbe
0000            267   _PT2            BIT 0xbd
0000            268   _PS0            BIT 0xbc
0000            269   _PT1            BIT 0xbb
0000            270   _PX1            BIT 0xba
0000            271   _PT0            BIT 0xb9
0000            272   _PX0            BIT 0xb8
0000            273   _MASTER0        BIT 0xc7
0000            274   _TXMODE0        BIT 0xc6
0000            275   _STA0           BIT 0xc5
0000            276   _STO0           BIT 0xc4
0000            277   _ACKRQ0         BIT 0xc3
0000            278   _ARBLOST0       BIT 0xc2
0000            279   _ACK0           BIT 0xc1
0000            280   _SI0            BIT 0xc0
0000            281   _MASTER1        BIT 0xc7
0000            282   _TXMODE1        BIT 0xc6
0000            283   _STA1           BIT 0xc5
0000            284   _STO1           BIT 0xc4
0000            285   _ACKRQ1         BIT 0xc3
0000            286   _ARBLOST1       BIT 0xc2
0000            287   _ACK1           BIT 0xc1
0000            288   _SI1            BIT 0xc0
0000            289   _TF2            BIT 0xcf
0000            290   _TF2H           BIT 0xcf
0000            291   _TF2L           BIT 0xce
0000            292   _TF2LEN         BIT 0xcd
0000            293   _TF2CEN         BIT 0xcc
0000            294   _T2SPLIT        BIT 0xcb
0000            295   _TR2            BIT 0xca
0000            296   _T2CSS          BIT 0xc9
0000            297   _T2XCLK         BIT 0xc8
0000            298   _TF5H           BIT 0xcf
0000            299   _TF5L           BIT 0xce
0000            300   _TF5LEN         BIT 0xcd
0000            301   _TMR5CN_4       BIT 0xcc
0000            302   _T5SPLIT        BIT 0xcb
0000            303   _TR5            BIT 0xca
0000            304   _TMR5CN_1       BIT 0xc9
0000            305   _T5XCLK         BIT 0xc8
0000            306   _CY             BIT 0xd7
0000            307   _AC             BIT 0xd6
0000            308   _F0             BIT 0xd5
0000            309   _RS1            BIT 0xd4
0000            310   _RS0            BIT 0xd3
0000            311   _OV             BIT 0xd2
0000            312   _F1             BIT 0xd1
0000            313   _PARITY         BIT 0xd0
0000            314   _CF             BIT 0xdf
0000            315   _CR             BIT 0xde
0000            316   _PCA0CN_5       BIT 0xde
0000            317   _CCF4           BIT 0xdc
0000            318   _CCF3           BIT 0xdb
0000            319   _CCF2           BIT 0xda
0000            320   _CCF1           BIT 0xd9
0000            321   _CCF0           BIT 0xd8
0000            322   _ACC_7          BIT 0xe7
0000            323   _ACC_6          BIT 0xe6
0000            324   _ACC_5          BIT 0xe5
0000            325   _ACC_4          BIT 0xe4
0000            326   _ACC_3          BIT 0xe3
0000            327   _ACC_2          BIT 0xe2
0000            328   _ACC_1          BIT 0xe1
0000            329   _ACC_0          BIT 0xe0
0000            330   _AD0EN          BIT 0xef
0000            331   _AD0TM          BIT 0xee
0000            332   _AD0INT         BIT 0xed
0000            333   _AD0BUSY        BIT 0xec
0000            334   _AD0WINT        BIT 0xeb
0000            335   _AD0CM2         BIT 0xea
0000            336   _AD0CM1         BIT 0xe9
0000            337   _AD0CM0         BIT 0xe8
0000            338   _B_7            BIT 0xf7
0000            339   _B_6            BIT 0xf6
0000            340   _B_5            BIT 0xf5
0000            341   _B_4            BIT 0xf4
0000            342   _B_3            BIT 0xf3
0000            343   _B_2            BIT 0xf2
0000            344   _B_1            BIT 0xf1
0000            345   _B_0            BIT 0xf0
0000            346   _SPIF           BIT 0xff
0000            347   _WCOL           BIT 0xfe
0000            348   _MODF           BIT 0xfd
0000            349   _RXOVRN         BIT 0xfc
0000            350   _NSSMD1         BIT 0xfb
0000            351   _NSSMD0         BIT 0xfa
0000            352   _TXBMT          BIT 0xf9
0000            353   _SPIEN          BIT 0xf8
0000            354   ;--------------------------------------------------------
0000            355   ; overlayable register banks
0000            356   ;--------------------------------------------------------
0000            357            rbank0 segment data overlay
0000            358   ;--------------------------------------------------------
0000            359   ; internal ram data
0000            360   ;--------------------------------------------------------
0000            361            rseg R_DSEG
0000            362   ;--------------------------------------------------------
0000            363   ; overlayable items in internal ram 
0000            364   ;--------------------------------------------------------
0000            365            rseg    R_OSEG
0000            366   ;--------------------------------------------------------
0000            367   ; indirectly addressable internal ram data
0000            368   ;--------------------------------------------------------
0000            369            rseg R_ISEG
0000            370   ;--------------------------------------------------------
0000            371   ; absolute internal ram data
0000            372   ;--------------------------------------------------------
0000            373            DSEG
0000            374   ;--------------------------------------------------------
0000            375   ; bit data
0000            376   ;--------------------------------------------------------
0000            377            rseg R_BSEG
0000            378   ;--------------------------------------------------------
0000            379   ; paged external ram data
0000            380   ;--------------------------------------------------------
0000            381            rseg R_PSEG
0000            382   ;--------------------------------------------------------
0000            383   ; external ram data
0000            384   ;--------------------------------------------------------
0000            385            rseg R_XSEG
0000            386   ;--------------------------------------------------------
0000            387   ; absolute external ram data
0000            388   ;--------------------------------------------------------
0000            389            XSEG
0000            390   ;--------------------------------------------------------
0000            391   ; external initialized ram data
0000            392   ;--------------------------------------------------------
0000            393            rseg R_IXSEG
0000            394            rseg R_HOME
0000            395            rseg R_GSINIT
0000            396            rseg R_CSEG
0000            397   ;--------------------------------------------------------
0000            398   ; Reset entry point and interrupt vectors
0000            399   ;--------------------------------------------------------
0000            400            CSEG at 0x0000
0000 020100     401            ljmp    _crt0
0003            402   ;--------------------------------------------------------
0003            403   ; global & static initialisations
0003            404   ;--------------------------------------------------------
0000            405            rseg R_HOME
0000            406            rseg R_GSINIT
0000            407            rseg R_GSINIT
0000            408   ;--------------------------------------------------------
0000            409   ; data variables initialization
0000            410   ;--------------------------------------------------------
0000            411            rseg R_DINIT
0000            412            ; The linker places a 'ret' at the end of segment R_DINIT.
0000            413   ;--------------------------------------------------------
0000            414   ; code
0000            415   ;--------------------------------------------------------
0000            416            rseg R_CSEG
0000            417   ;------------------------------------------------------------
0000            418   ;Allocation info for local variables in function '_c51_external_startup'
0000            419   ;------------------------------------------------------------
0000            420   ;------------------------------------------------------------
0000            421   ;        F38x_ADC_temp.c:16: char _c51_external_startup (void)
0000            422   ;        -----------------------------------------
0000            423   ;         function _c51_external_startup
0000            424   ;        -----------------------------------------
0000            425   __c51_external_startup:
0000            426            using   0
0000            427   ;        F38x_ADC_temp.c:18: PCA0MD&=(~0x40) ;    // DISABLE WDT: clear Watchdog Enable bit
0000 53D9BF     428            anl     _PCA0MD,#0xBF
0003            429   ;        F38x_ADC_temp.c:25: CLKSEL|=0b_0000_0011; // SYSCLK derived from the Internal High-Frequency Oscillator / 1.
0003 43A903     430            orl     _CLKSEL,#0x03
0006            431   ;        F38x_ADC_temp.c:29: OSCICN |= 0x03; // Configure internal oscillator for its maximum frequency
0006 43B203     432            orl     _OSCICN,#0x03
0009            433   ;        F38x_ADC_temp.c:34: AMX0P = LQFP32_MUX_TEMP; // Select positive input from temperature sensor
0009 75BB1E     434            mov     _AMX0P,#0x1E
000C            435   ;        F38x_ADC_temp.c:35: AMX0N = LQFP32_MUX_GND;  // GND is negative input (Single-ended Mode)
000C 75BA1F     436            mov     _AMX0N,#0x1F
000F            437   ;        F38x_ADC_temp.c:38: ADC0CF=0xF8; // SAR clock = 31, Right-justified result
000F 75BCF8     438            mov     _ADC0CF,#0xF8
0012            439   ;        F38x_ADC_temp.c:39: ADC0CN=0b_1000_0000; // AD0EN=1, AD0TM=0
0012 75E880     440            mov     _ADC0CN,#0x80
0015            441   ;        F38x_ADC_temp.c:40: REF0CN=0b_0000_1100; //Select VDD as the voltage reference for the converter and turn temperature sensor on
0015 75D10C     442            mov     _REF0CN,#0x0C
0018            443   ;        F38x_ADC_temp.c:42: VDM0CN=0x80;       // enable VDD monitor
0018 75FF80     444            mov     _VDM0CN,#0x80
001B            445   ;        F38x_ADC_temp.c:43: RSTSRC=0x02|0x04;  // Enable reset on missing clock detector and VDD
001B 75EF06     446            mov     _RSTSRC,#0x06
001E            447   ;        F38x_ADC_temp.c:44: P0MDOUT|=0x10;     // Enable Uart TX as push-pull output
001E 43A410     448            orl     _P0MDOUT,#0x10
0021            449   ;        F38x_ADC_temp.c:45: P1MDOUT|=0x30;     // Initialize RLED and GLED as push-pull outputs
0021 43A530     450            orl     _P1MDOUT,#0x30
0024            451   ;        F38x_ADC_temp.c:46: XBR0=0x01;         // Enable UART on P0.4(TX) and P0.5(RX)
0024 75E101     452            mov     _XBR0,#0x01
0027            453   ;        F38x_ADC_temp.c:47: XBR1=0x40;         // Enable crossbar and weak pull-ups
0027 75E240     454            mov     _XBR1,#0x40
002A            455   ;        F38x_ADC_temp.c:50: TH1 = 0x10000-((SYSCLK/BAUDRATE)/2L);
002A 758D30     456            mov     _TH1,#0x30
002D            457   ;        F38x_ADC_temp.c:51: CKCON &= ~0x0B;                  // T1M = 1; SCA1:0 = xx
002D 538EF4     458            anl     _CKCON,#0xF4
0030            459   ;        F38x_ADC_temp.c:52: CKCON |=  0x08;
0030 438E08     460            orl     _CKCON,#0x08
0033            461   ;        F38x_ADC_temp.c:66: TL1 = TH1;     // Init timer 1
0033 858D8B     462            mov     _TL1,_TH1
0036            463   ;        F38x_ADC_temp.c:67: TMOD &= 0x0f;  // TMOD: timer 1 in 8-bit autoreload
0036 53890F     464            anl     _TMOD,#0x0F
0039            465   ;        F38x_ADC_temp.c:68: TMOD |= 0x20;                       
0039 438920     466            orl     _TMOD,#0x20
003C            467   ;        F38x_ADC_temp.c:69: TR1 = 1;       // Start timer1
003C D28E       468            setb    _TR1
003E            469   ;        F38x_ADC_temp.c:70: SCON = 0x52;
003E 759852     470            mov     _SCON,#0x52
0041            471   ;        F38x_ADC_temp.c:72: return 0;
0041 758200     472            mov     dpl,#0x00
0044 22         473            ret
0045            474   ;------------------------------------------------------------
0045            475   ;Allocation info for local variables in function 'Timer3us'
0045            476   ;------------------------------------------------------------
0045            477   ;us                        Allocated to registers r2 
0045            478   ;i                         Allocated to registers r3 
0045            479   ;------------------------------------------------------------
0045            480   ;        F38x_ADC_temp.c:76: void Timer3us(unsigned char us)
0045            481   ;        -----------------------------------------
0045            482   ;         function Timer3us
0045            483   ;        -----------------------------------------
0045            484   _Timer3us:
0045 AA82       485            mov     r2,dpl
0047            486   ;        F38x_ADC_temp.c:81: CKCON|=0b_0100_0000;
0047 438E40     487            orl     _CKCON,#0x40
004A            488   ;        F38x_ADC_temp.c:83: TMR3RL = (-(SYSCLK)/1000000L); // Set Timer3 to overflow in 1us.
004A 7592D0     489            mov     _TMR3RL,#0xD0
004D 7593FF     490            mov     (_TMR3RL >> 8),#0xFF
0050            491   ;        F38x_ADC_temp.c:84: TMR3 = TMR3RL;                 // Initialize Timer3 for first overflow
0050 859294     492            mov     _TMR3,_TMR3RL
0053 859395     493            mov     (_TMR3 >> 8),(_TMR3RL >> 8)
0056            494   ;        F38x_ADC_temp.c:86: TMR3CN = 0x04;                 // Sart Timer3 and clear overflow flag
0056 759104     495            mov     _TMR3CN,#0x04
0059            496   ;        F38x_ADC_temp.c:87: for (i = 0; i < us; i++)       // Count <us> overflows
0059 7B00       497            mov     r3,#0x00
005B            498   L003004?:
005B C3         499            clr     c
005C EB         500            mov     a,r3
005D 9A         501            subb    a,r2
005E 5001       502            jnc     L003007?
0060            503   ;        F38x_ADC_temp.c:89: while (!(TMR3CN & 0x80));  // Wait for overflow
0060            504   L003001?:
0060 E591       505            mov     a,_TMR3CN
0062 30E7F0     506            jnb     acc.7,L003001?
0065            507   ;        F38x_ADC_temp.c:90: TMR3CN &= ~(0x80);         // Clear overflow indicator
0065 53917F     508            anl     _TMR3CN,#0x7F
0068            509   ;        F38x_ADC_temp.c:87: for (i = 0; i < us; i++)       // Count <us> overflows
0068 0B         510            inc     r3
0069 8001       511            sjmp    L003004?
006B            512   L003007?:
006B            513   ;        F38x_ADC_temp.c:92: TMR3CN = 0 ;                   // Stop Timer3 and clear overflow flag
006B 759100     514            mov     _TMR3CN,#0x00
006E 22         515            ret
006F            516   ;------------------------------------------------------------
006F            517   ;Allocation info for local variables in function 'waitms'
006F            518   ;------------------------------------------------------------
006F            519   ;ms                        Allocated to registers r2 r3 
006F            520   ;j                         Allocated to registers r4 r5 
006F            521   ;k                         Allocated to registers r6 
006F            522   ;------------------------------------------------------------
006F            523   ;        F38x_ADC_temp.c:95: void waitms (unsigned int ms)
006F            524   ;        -----------------------------------------
006F            525   ;         function waitms
006F            526   ;        -----------------------------------------
006F            527   _waitms:
006F AA82       528            mov     r2,dpl
0071 AB83       529            mov     r3,dph
0073            530   ;        F38x_ADC_temp.c:99: for(j=0; j<ms; j++)
0073 7C00       531            mov     r4,#0x00
0075 7D00       532            mov     r5,#0x00
0077            533   L004005?:
0077 C3         534            clr     c
0078 EC         535            mov     a,r4
0079 9A         536            subb    a,r2
007A ED         537            mov     a,r5
007B 9B         538            subb    a,r3
007C 5001       539            jnc     L004009?
007E            540   ;        F38x_ADC_temp.c:100: for (k=0; k<4; k++) Timer3us(250);
007E 7E00       541            mov     r6,#0x00
0080            542   L004001?:
0080 BE0470     543            cjne    r6,#0x04,L004018?
0083            544   L004018?:
0083 5001       545            jnc     L004007?
0085 7582FA     546            mov     dpl,#0xFA
0088 C002       547            push    ar2
008A C003       548            push    ar3
008C C004       549            push    ar4
008E C005       550            push    ar5
0090 C006       551            push    ar6
0092 120100     552            lcall   _Timer3us
0095 D006       553            pop     ar6
0097 D005       554            pop     ar5
0099 D004       555            pop     ar4
009B D003       556            pop     ar3
009D D002       557            pop     ar2
009F 0E         558            inc     r6
00A0 8001       559            sjmp    L004001?
00A2            560   L004007?:
00A2            561   ;        F38x_ADC_temp.c:99: for(j=0; j<ms; j++)
00A2 0C         562            inc     r4
00A3 BC00B0     563            cjne    r4,#0x00,L004005?
00A6 0D         564            inc     r5
00A7 8001       565            sjmp    L004005?
00A9            566   L004009?:
00A9 22         567            ret
00AA            568   ;------------------------------------------------------------
00AA            569   ;Allocation info for local variables in function 'main'
00AA            570   ;------------------------------------------------------------
00AA            571   ;temp_val                  Allocated to registers 
00AA            572   ;vtemp                     Allocated to registers r2 r3 r4 r5 
00AA            573   ;temp                      Allocated to registers r2 r3 r4 r5 
00AA            574   ;------------------------------------------------------------
00AA            575   ;        F38x_ADC_temp.c:105: void main (void)
00AA            576   ;        -----------------------------------------
00AA            577   ;         function main
00AA            578   ;        -----------------------------------------
00AA            579   _main:
00AA            580   ;        F38x_ADC_temp.c:110: printf("\x1b[2J"); // Clear screen using ANSI escape sequence.
00AA 74F0       581            mov     a,#__str_0
00AC C0E0       582            push    acc
00AE 749D       583            mov     a,#(__str_0 >> 8)
00B0 C0E0       584            push    acc
00B2 7480       585            mov     a,#0x80
00B4 C0E0       586            push    acc
00B6 120100     587            lcall   _printf
00B9 1581       588            dec     sp
00BB 1581       589            dec     sp
00BD 1581       590            dec     sp
00BF            591   ;        F38x_ADC_temp.c:115: __FILE__, __DATE__, __TIME__);
00BF            592   ;        F38x_ADC_temp.c:114: "Compiled: %s, %s\n\n",
00BF 74B0       593            mov     a,#__str_4
00C1 C0E0       594            push    acc
00C3 749E       595            mov     a,#(__str_4 >> 8)
00C5 C0E0       596            push    acc
00C7 7480       597            mov     a,#0x80
00C9 C0E0       598            push    acc
00CB 74F0       599            mov     a,#__str_3
00CD C0E0       600            push    acc
00CF 749E       601            mov     a,#(__str_3 >> 8)
00D1 C0E0       602            push    acc
00D3 7480       603            mov     a,#0x80
00D5 C0E0       604            push    acc
00D7 7430       605            mov     a,#__str_2
00D9 C0E0       606            push    acc
00DB 749F       607            mov     a,#(__str_2 >> 8)
00DD C0E0       608            push    acc
00DF 7480       609            mov     a,#0x80
00E1 C0E0       610            push    acc
00E3 7470       611            mov     a,#__str_1
00E5 C0E0       612            push    acc
00E7 749F       613            mov     a,#(__str_1 >> 8)
00E9 C0E0       614            push    acc
00EB 7480       615            mov     a,#0x80
00ED C0E0       616            push    acc
00EF 120100     617            lcall   _printf
00F2 E581       618            mov     a,sp
00F4 24F4       619            add     a,#0xf4
00F6 F581       620            mov     sp,a
00F8            621   ;        F38x_ADC_temp.c:117: AD0BUSY = 1;     //  Start ADC 0 conversion to measure temperature
00F8 D2EC       622            setb    _AD0BUSY
00FA            623   ;        F38x_ADC_temp.c:118: while (AD0BUSY); //  Wait for conversion
00FA            624   L005001?:
00FA 20ECB0     625            jb      _AD0BUSY,L005001?
00FD            626   ;        F38x_ADC_temp.c:120: while(1)
00FD            627   L005008?:
00FD            628   ;        F38x_ADC_temp.c:122: AD0BUSY = 1;     //  Start ADC 0 conversion to measure temperature
00FD D2EC       629            setb    _AD0BUSY
00FF            630   ;        F38x_ADC_temp.c:123: while (AD0BUSY); //  Wait for conversion
00FF            631   L005004?:
00FF 20EC30     632            jb      _AD0BUSY,L005004?
0102            633   ;        F38x_ADC_temp.c:125: temp_val = ADC0L + (ADC0H * 0x100);
0102 AABD       634            mov     r2,_ADC0L
0104 7B00       635            mov     r3,#0x00
0106 ADBE       636            mov     r5,_ADC0H
0108 7C00       637            mov     r4,#0x00
010A EC         638            mov     a,r4
010B 2A         639            add     a,r2
010C F582       640            mov     dpl,a
010E ED         641            mov     a,r5
010F 3B         642            addc    a,r3
0110 F583       643            mov     dph,a
0112            644   ;        F38x_ADC_temp.c:126: vtemp=(temp_val*VDD)/1024.0; // this is in volts
0112 120100     645            lcall   ___uint2fs
0115 AA82       646            mov     r2,dpl
0117 AB83       647            mov     r3,dph
0119 ACF0       648            mov     r4,b
011B FD         649            mov     r5,a
011C C002       650            push    ar2
011E C003       651            push    ar3
0120 C004       652            push    ar4
0122 C005       653            push    ar5
0124 90CCCD     654            mov     dptr,#0xCCCD
0127 75F054     655            mov     b,#0x54
012A 7440       656            mov     a,#0x40
012C 120100     657            lcall   ___fsmul
012F AA82       658            mov     r2,dpl
0131 AB83       659            mov     r3,dph
0133 ACF0       660            mov     r4,b
0135 FD         661            mov     r5,a
0136 E581       662            mov     a,sp
0138 24FC       663            add     a,#0xfc
013A F581       664            mov     sp,a
013C E4         665            clr     a
013D C0E0       666            push    acc
013F C0E0       667            push    acc
0141 7480       668            mov     a,#0x80
0143 C0E0       669            push    acc
0145 7444       670            mov     a,#0x44
0147 C0E0       671            push    acc
0149 8A82       672            mov     dpl,r2
014B 8B83       673            mov     dph,r3
014D 8CF0       674            mov     b,r4
014F ED         675            mov     a,r5
0150 120100     676            lcall   ___fsdiv
0153 AA82       677            mov     r2,dpl
0155 AB83       678            mov     r3,dph
0157 ACF0       679            mov     r4,b
0159 FD         680            mov     r5,a
015A E581       681            mov     a,sp
015C 24FC       682            add     a,#0xfc
015E F581       683            mov     sp,a
0160            684   ;        F38x_ADC_temp.c:132: temp=(vtemp*1000.0-764.0)/2.87;
0160 C002       685            push    ar2
0162 C003       686            push    ar3
0164 C004       687            push    ar4
0166 C005       688            push    ar5
0168 900000     689            mov     dptr,#0x0000
016B 75F07A     690            mov     b,#0x7A
016E 7444       691            mov     a,#0x44
0170 120100     692            lcall   ___fsmul
0173 AA82       693            mov     r2,dpl
0175 AB83       694            mov     r3,dph
0177 ACF0       695            mov     r4,b
0179 FD         696            mov     r5,a
017A E581       697            mov     a,sp
017C 24FC       698            add     a,#0xfc
017E F581       699            mov     sp,a
0180 E4         700            clr     a
0181 C0E0       701            push    acc
0183 C0E0       702            push    acc
0185 743F       703            mov     a,#0x3F
0187 C0E0       704            push    acc
0189 7444       705            mov     a,#0x44
018B C0E0       706            push    acc
018D 8A82       707            mov     dpl,r2
018F 8B83       708            mov     dph,r3
0191 8CF0       709            mov     b,r4
0193 ED         710            mov     a,r5
0194 120100     711            lcall   ___fssub
0197 AA82       712            mov     r2,dpl
0199 AB83       713            mov     r3,dph
019B ACF0       714            mov     r4,b
019D FD         715            mov     r5,a
019E E581       716            mov     a,sp
01A0 24FC       717            add     a,#0xfc
01A2 F581       718            mov     sp,a
01A4 7414       719            mov     a,#0x14
01A6 C0E0       720            push    acc
01A8 74AE       721            mov     a,#0xAE
01AA C0E0       722            push    acc
01AC 7437       723            mov     a,#0x37
01AE C0E0       724            push    acc
01B0 7440       725            mov     a,#0x40
01B2 C0E0       726            push    acc
01B4 8A82       727            mov     dpl,r2
01B6 8B83       728            mov     dph,r3
01B8 8CF0       729            mov     b,r4
01BA ED         730            mov     a,r5
01BB 120100     731            lcall   ___fsdiv
01BE AA82       732            mov     r2,dpl
01C0 AB83       733            mov     r3,dph
01C2 ACF0       734            mov     r4,b
01C4 FD         735            mov     r5,a
01C5 E581       736            mov     a,sp
01C7 24FC       737            add     a,#0xfc
01C9 F581       738            mov     sp,a
01CB            739   ;        F38x_ADC_temp.c:134: printf ("Temperature=%4.2f C\r", temp);
01CB C002       740            push    ar2
01CD C003       741            push    ar3
01CF C004       742            push    ar4
01D1 C005       743            push    ar5
01D3 74B0       744            mov     a,#__str_5
01D5 C0E0       745            push    acc
01D7 74A1       746            mov     a,#(__str_5 >> 8)
01D9 C0E0       747            push    acc
01DB 7480       748            mov     a,#0x80
01DD C0E0       749            push    acc
01DF 120100     750            lcall   _printf
01E2 E581       751            mov     a,sp
01E4 24F9       752            add     a,#0xf9
01E6 F581       753            mov     sp,a
01E8            754   ;        F38x_ADC_temp.c:135: waitms(100);
01E8 900064     755            mov     dptr,#0x0064
01EB 120100     756            lcall   _waitms
01EE 020100     757            ljmp    L005008?
01F1            758            rseg R_CSEG
01F1            759   
0000            760            rseg R_XINIT
0000            761   
0000            762            rseg R_CONST
0000            763   __str_0:
0000 1B         764            db 0x1B
0001 5B324A     765            db '[2J'
0004 00         766            db 0x00
0005            767   __str_1:
0005 41444320   768            db 'ADC test using built-in temperature sensor'
     74657374
     20757369
     6E672062
     75696C74
     2D696E20
     74656D70
     65726174
     75726520
     73656E73
     6F72
002F 0A         769            db 0x0A
0030 46696C65   770            db 'File: %s'
     3A202573
0038 0A         771            db 0x0A
0039 436F6D70   772            db 'Compiled'
     696C6564
0041 3A202573   773            db ': %s, %s'
     2C202573
0049 0A         774            db 0x0A
004A 0A         775            db 0x0A
004B 00         776            db 0x00
004C            777   __str_2:
004C 46333878   778            db 'F38x_ADC_temp.c'
     5F414443
     5F74656D
     702E63
005B 00         779            db 0x00
005C            780   __str_3:
005C 46656220   781            db 'Feb 26 2017'
     32362032
     303137
0067 00         782            db 0x00
0068            783   __str_4:
0068 31363A31   784            db '16:15:45'
     353A3435
0070 00         785            db 0x00
0071            786   __str_5:
0071 54656D70   787            db 'Temperature=%4.2f C'
     65726174
     7572653D
     25342E32
     662043
0084 0D         788            db 0x0D
0085 00         789            db 0x00
0086            790   
0003            791            CSEG
0003            792   
0003            793   end
