0000              1   ;--------------------------------------------------------
0000              2   ; File Created by C51
0000              3   ; Version 1.0.0 #1069 (Apr 23 2015) (MSVC)
0000              4   ; This file was generated Mon Apr 03 16:15:18 2017
0000              5   ;--------------------------------------------------------
                  5   $name adc
                  6   $optc51 --model-small
0000              8            R_DSEG    segment data
0000              9            R_CSEG    segment code
0000             10            R_BSEG    segment bit
0000             11            R_XSEG    segment xdata
0000             12            R_PSEG    segment xdata
0000             13            R_ISEG    segment idata
0000             14            R_OSEG    segment data overlay
0000             15            BIT_BANK  segment data overlay
0000             16            R_HOME    segment code
0000             17            R_GSINIT  segment code
0000             18            R_IXSEG   segment xdata
0000             19            R_CONST   segment code
0000             20            R_XINIT   segment code
0000             21            R_DINIT   segment code
0000             22   
0000             23   ;--------------------------------------------------------
0000             24   ; Public variables in this module
0000             25   ;--------------------------------------------------------
0000             26            public _InitPinADC_PARM_2
0000             27            public _InitADC
0000             28            public _InitPinADC
0000             29            public _ADC_at_Pin
0000             30            public _Volts_at_Pin
0000             31   ;--------------------------------------------------------
0000             32   ; Special Function Registers
0000             33   ;--------------------------------------------------------
0000             34   _P0             DATA 0x80
0000             35   _SP             DATA 0x81
0000             36   _DPL            DATA 0x82
0000             37   _DPH            DATA 0x83
0000             38   _EMI0TC         DATA 0x84
0000             39   _EMI0CF         DATA 0x85
0000             40   _OSCLCN         DATA 0x86
0000             41   _PCON           DATA 0x87
0000             42   _TCON           DATA 0x88
0000             43   _TMOD           DATA 0x89
0000             44   _TL0            DATA 0x8a
0000             45   _TL1            DATA 0x8b
0000             46   _TH0            DATA 0x8c
0000             47   _TH1            DATA 0x8d
0000             48   _CKCON          DATA 0x8e
0000             49   _PSCTL          DATA 0x8f
0000             50   _P1             DATA 0x90
0000             51   _TMR3CN         DATA 0x91
0000             52   _TMR4CN         DATA 0x91
0000             53   _TMR3RLL        DATA 0x92
0000             54   _TMR4RLL        DATA 0x92
0000             55   _TMR3RLH        DATA 0x93
0000             56   _TMR4RLH        DATA 0x93
0000             57   _TMR3L          DATA 0x94
0000             58   _TMR4L          DATA 0x94
0000             59   _TMR3H          DATA 0x95
0000             60   _TMR4H          DATA 0x95
0000             61   _USB0ADR        DATA 0x96
0000             62   _USB0DAT        DATA 0x97
0000             63   _SCON           DATA 0x98
0000             64   _SCON0          DATA 0x98
0000             65   _SBUF           DATA 0x99
0000             66   _SBUF0          DATA 0x99
0000             67   _CPT1CN         DATA 0x9a
0000             68   _CPT0CN         DATA 0x9b
0000             69   _CPT1MD         DATA 0x9c
0000             70   _CPT0MD         DATA 0x9d
0000             71   _CPT1MX         DATA 0x9e
0000             72   _CPT0MX         DATA 0x9f
0000             73   _P2             DATA 0xa0
0000             74   _SPI0CFG        DATA 0xa1
0000             75   _SPI0CKR        DATA 0xa2
0000             76   _SPI0DAT        DATA 0xa3
0000             77   _P0MDOUT        DATA 0xa4
0000             78   _P1MDOUT        DATA 0xa5
0000             79   _P2MDOUT        DATA 0xa6
0000             80   _P3MDOUT        DATA 0xa7
0000             81   _IE             DATA 0xa8
0000             82   _CLKSEL         DATA 0xa9
0000             83   _EMI0CN         DATA 0xaa
0000             84   __XPAGE         DATA 0xaa
0000             85   _SBCON1         DATA 0xac
0000             86   _P4MDOUT        DATA 0xae
0000             87   _PFE0CN         DATA 0xaf
0000             88   _P3             DATA 0xb0
0000             89   _OSCXCN         DATA 0xb1
0000             90   _OSCICN         DATA 0xb2
0000             91   _OSCICL         DATA 0xb3
0000             92   _SBRLL1         DATA 0xb4
0000             93   _SBRLH1         DATA 0xb5
0000             94   _FLSCL          DATA 0xb6
0000             95   _FLKEY          DATA 0xb7
0000             96   _IP             DATA 0xb8
0000             97   _CLKMUL         DATA 0xb9
0000             98   _SMBTC          DATA 0xb9
0000             99   _AMX0N          DATA 0xba
0000            100   _AMX0P          DATA 0xbb
0000            101   _ADC0CF         DATA 0xbc
0000            102   _ADC0L          DATA 0xbd
0000            103   _ADC0H          DATA 0xbe
0000            104   _SFRPAGE        DATA 0xbf
0000            105   _SMB0CN         DATA 0xc0
0000            106   _SMB1CN         DATA 0xc0
0000            107   _SMB0CF         DATA 0xc1
0000            108   _SMB1CF         DATA 0xc1
0000            109   _SMB0DAT        DATA 0xc2
0000            110   _SMB1DAT        DATA 0xc2
0000            111   _ADC0GTL        DATA 0xc3
0000            112   _ADC0GTH        DATA 0xc4
0000            113   _ADC0LTL        DATA 0xc5
0000            114   _ADC0LTH        DATA 0xc6
0000            115   _P4             DATA 0xc7
0000            116   _TMR2CN         DATA 0xc8
0000            117   _TMR5CN         DATA 0xc8
0000            118   _REG01CN        DATA 0xc9
0000            119   _TMR2RLL        DATA 0xca
0000            120   _TMR5RLL        DATA 0xca
0000            121   _TMR2RLH        DATA 0xcb
0000            122   _TMR5RLH        DATA 0xcb
0000            123   _TMR2L          DATA 0xcc
0000            124   _TMR5L          DATA 0xcc
0000            125   _TMR2H          DATA 0xcd
0000            126   _TMR5H          DATA 0xcd
0000            127   _SMB0ADM        DATA 0xce
0000            128   _SMB1ADM        DATA 0xce
0000            129   _SMB0ADR        DATA 0xcf
0000            130   _SMB1ADR        DATA 0xcf
0000            131   _PSW            DATA 0xd0
0000            132   _REF0CN         DATA 0xd1
0000            133   _SCON1          DATA 0xd2
0000            134   _SBUF1          DATA 0xd3
0000            135   _P0SKIP         DATA 0xd4
0000            136   _P1SKIP         DATA 0xd5
0000            137   _P2SKIP         DATA 0xd6
0000            138   _USB0XCN        DATA 0xd7
0000            139   _PCA0CN         DATA 0xd8
0000            140   _PCA0MD         DATA 0xd9
0000            141   _PCA0CPM0       DATA 0xda
0000            142   _PCA0CPM1       DATA 0xdb
0000            143   _PCA0CPM2       DATA 0xdc
0000            144   _PCA0CPM3       DATA 0xdd
0000            145   _PCA0CPM4       DATA 0xde
0000            146   _P3SKIP         DATA 0xdf
0000            147   _ACC            DATA 0xe0
0000            148   _XBR0           DATA 0xe1
0000            149   _XBR1           DATA 0xe2
0000            150   _XBR2           DATA 0xe3
0000            151   _IT01CF         DATA 0xe4
0000            152   _CKCON1         DATA 0xe4
0000            153   _SMOD1          DATA 0xe5
0000            154   _EIE1           DATA 0xe6
0000            155   _EIE2           DATA 0xe7
0000            156   _ADC0CN         DATA 0xe8
0000            157   _PCA0CPL1       DATA 0xe9
0000            158   _PCA0CPH1       DATA 0xea
0000            159   _PCA0CPL2       DATA 0xeb
0000            160   _PCA0CPH2       DATA 0xec
0000            161   _PCA0CPL3       DATA 0xed
0000            162   _PCA0CPH3       DATA 0xee
0000            163   _RSTSRC         DATA 0xef
0000            164   _B              DATA 0xf0
0000            165   _P0MDIN         DATA 0xf1
0000            166   _P1MDIN         DATA 0xf2
0000            167   _P2MDIN         DATA 0xf3
0000            168   _P3MDIN         DATA 0xf4
0000            169   _P4MDIN         DATA 0xf5
0000            170   _EIP1           DATA 0xf6
0000            171   _EIP2           DATA 0xf7
0000            172   _SPI0CN         DATA 0xf8
0000            173   _PCA0L          DATA 0xf9
0000            174   _PCA0H          DATA 0xfa
0000            175   _PCA0CPL0       DATA 0xfb
0000            176   _PCA0CPH0       DATA 0xfc
0000            177   _PCA0CPL4       DATA 0xfd
0000            178   _PCA0CPH4       DATA 0xfe
0000            179   _VDM0CN         DATA 0xff
0000            180   _DPTR           DATA 0x8382
0000            181   _TMR2RL         DATA 0xcbca
0000            182   _TMR3RL         DATA 0x9392
0000            183   _TMR4RL         DATA 0x9392
0000            184   _TMR5RL         DATA 0xcbca
0000            185   _TMR2           DATA 0xcdcc
0000            186   _TMR3           DATA 0x9594
0000            187   _TMR4           DATA 0x9594
0000            188   _TMR5           DATA 0xcdcc
0000            189   _SBRL1          DATA 0xb5b4
0000            190   _ADC0           DATA 0xbebd
0000            191   _ADC0GT         DATA 0xc4c3
0000            192   _ADC0LT         DATA 0xc6c5
0000            193   _PCA0           DATA 0xfaf9
0000            194   _PCA0CP1        DATA 0xeae9
0000            195   _PCA0CP2        DATA 0xeceb
0000            196   _PCA0CP3        DATA 0xeeed
0000            197   _PCA0CP0        DATA 0xfcfb
0000            198   _PCA0CP4        DATA 0xfefd
0000            199   ;--------------------------------------------------------
0000            200   ; special function bits
0000            201   ;--------------------------------------------------------
0000            202   _P0_0           BIT 0x80
0000            203   _P0_1           BIT 0x81
0000            204   _P0_2           BIT 0x82
0000            205   _P0_3           BIT 0x83
0000            206   _P0_4           BIT 0x84
0000            207   _P0_5           BIT 0x85
0000            208   _P0_6           BIT 0x86
0000            209   _P0_7           BIT 0x87
0000            210   _TF1            BIT 0x8f
0000            211   _TR1            BIT 0x8e
0000            212   _TF0            BIT 0x8d
0000            213   _TR0            BIT 0x8c
0000            214   _IE1            BIT 0x8b
0000            215   _IT1            BIT 0x8a
0000            216   _IE0            BIT 0x89
0000            217   _IT0            BIT 0x88
0000            218   _P1_0           BIT 0x90
0000            219   _P1_1           BIT 0x91
0000            220   _P1_2           BIT 0x92
0000            221   _P1_3           BIT 0x93
0000            222   _P1_4           BIT 0x94
0000            223   _P1_5           BIT 0x95
0000            224   _P1_6           BIT 0x96
0000            225   _P1_7           BIT 0x97
0000            226   _S0MODE         BIT 0x9f
0000            227   _SCON0_6        BIT 0x9e
0000            228   _MCE0           BIT 0x9d
0000            229   _REN0           BIT 0x9c
0000            230   _TB80           BIT 0x9b
0000            231   _RB80           BIT 0x9a
0000            232   _TI0            BIT 0x99
0000            233   _RI0            BIT 0x98
0000            234   _SCON_6         BIT 0x9e
0000            235   _MCE            BIT 0x9d
0000            236   _REN            BIT 0x9c
0000            237   _TB8            BIT 0x9b
0000            238   _RB8            BIT 0x9a
0000            239   _TI             BIT 0x99
0000            240   _RI             BIT 0x98
0000            241   _P2_0           BIT 0xa0
0000            242   _P2_1           BIT 0xa1
0000            243   _P2_2           BIT 0xa2
0000            244   _P2_3           BIT 0xa3
0000            245   _P2_4           BIT 0xa4
0000            246   _P2_5           BIT 0xa5
0000            247   _P2_6           BIT 0xa6
0000            248   _P2_7           BIT 0xa7
0000            249   _EA             BIT 0xaf
0000            250   _ESPI0          BIT 0xae
0000            251   _ET2            BIT 0xad
0000            252   _ES0            BIT 0xac
0000            253   _ET1            BIT 0xab
0000            254   _EX1            BIT 0xaa
0000            255   _ET0            BIT 0xa9
0000            256   _EX0            BIT 0xa8
0000            257   _P3_0           BIT 0xb0
0000            258   _P3_1           BIT 0xb1
0000            259   _P3_2           BIT 0xb2
0000            260   _P3_3           BIT 0xb3
0000            261   _P3_4           BIT 0xb4
0000            262   _P3_5           BIT 0xb5
0000            263   _P3_6           BIT 0xb6
0000            264   _P3_7           BIT 0xb7
0000            265   _IP_7           BIT 0xbf
0000            266   _PSPI0          BIT 0xbe
0000            267   _PT2            BIT 0xbd
0000            268   _PS0            BIT 0xbc
0000            269   _PT1            BIT 0xbb
0000            270   _PX1            BIT 0xba
0000            271   _PT0            BIT 0xb9
0000            272   _PX0            BIT 0xb8
0000            273   _MASTER0        BIT 0xc7
0000            274   _TXMODE0        BIT 0xc6
0000            275   _STA0           BIT 0xc5
0000            276   _STO0           BIT 0xc4
0000            277   _ACKRQ0         BIT 0xc3
0000            278   _ARBLOST0       BIT 0xc2
0000            279   _ACK0           BIT 0xc1
0000            280   _SI0            BIT 0xc0
0000            281   _MASTER1        BIT 0xc7
0000            282   _TXMODE1        BIT 0xc6
0000            283   _STA1           BIT 0xc5
0000            284   _STO1           BIT 0xc4
0000            285   _ACKRQ1         BIT 0xc3
0000            286   _ARBLOST1       BIT 0xc2
0000            287   _ACK1           BIT 0xc1
0000            288   _SI1            BIT 0xc0
0000            289   _TF2            BIT 0xcf
0000            290   _TF2H           BIT 0xcf
0000            291   _TF2L           BIT 0xce
0000            292   _TF2LEN         BIT 0xcd
0000            293   _TF2CEN         BIT 0xcc
0000            294   _T2SPLIT        BIT 0xcb
0000            295   _TR2            BIT 0xca
0000            296   _T2CSS          BIT 0xc9
0000            297   _T2XCLK         BIT 0xc8
0000            298   _TF5H           BIT 0xcf
0000            299   _TF5L           BIT 0xce
0000            300   _TF5LEN         BIT 0xcd
0000            301   _TMR5CN_4       BIT 0xcc
0000            302   _T5SPLIT        BIT 0xcb
0000            303   _TR5            BIT 0xca
0000            304   _TMR5CN_1       BIT 0xc9
0000            305   _T5XCLK         BIT 0xc8
0000            306   _CY             BIT 0xd7
0000            307   _AC             BIT 0xd6
0000            308   _F0             BIT 0xd5
0000            309   _RS1            BIT 0xd4
0000            310   _RS0            BIT 0xd3
0000            311   _OV             BIT 0xd2
0000            312   _F1             BIT 0xd1
0000            313   _PARITY         BIT 0xd0
0000            314   _CF             BIT 0xdf
0000            315   _CR             BIT 0xde
0000            316   _PCA0CN_5       BIT 0xde
0000            317   _CCF4           BIT 0xdc
0000            318   _CCF3           BIT 0xdb
0000            319   _CCF2           BIT 0xda
0000            320   _CCF1           BIT 0xd9
0000            321   _CCF0           BIT 0xd8
0000            322   _ACC_7          BIT 0xe7
0000            323   _ACC_6          BIT 0xe6
0000            324   _ACC_5          BIT 0xe5
0000            325   _ACC_4          BIT 0xe4
0000            326   _ACC_3          BIT 0xe3
0000            327   _ACC_2          BIT 0xe2
0000            328   _ACC_1          BIT 0xe1
0000            329   _ACC_0          BIT 0xe0
0000            330   _AD0EN          BIT 0xef
0000            331   _AD0TM          BIT 0xee
0000            332   _AD0INT         BIT 0xed
0000            333   _AD0BUSY        BIT 0xec
0000            334   _AD0WINT        BIT 0xeb
0000            335   _AD0CM2         BIT 0xea
0000            336   _AD0CM1         BIT 0xe9
0000            337   _AD0CM0         BIT 0xe8
0000            338   _B_7            BIT 0xf7
0000            339   _B_6            BIT 0xf6
0000            340   _B_5            BIT 0xf5
0000            341   _B_4            BIT 0xf4
0000            342   _B_3            BIT 0xf3
0000            343   _B_2            BIT 0xf2
0000            344   _B_1            BIT 0xf1
0000            345   _B_0            BIT 0xf0
0000            346   _SPIF           BIT 0xff
0000            347   _WCOL           BIT 0xfe
0000            348   _MODF           BIT 0xfd
0000            349   _RXOVRN         BIT 0xfc
0000            350   _NSSMD1         BIT 0xfb
0000            351   _NSSMD0         BIT 0xfa
0000            352   _TXBMT          BIT 0xf9
0000            353   _SPIEN          BIT 0xf8
0000            354   ;--------------------------------------------------------
0000            355   ; overlayable register banks
0000            356   ;--------------------------------------------------------
0000            357            rbank0 segment data overlay
0000            358   ;--------------------------------------------------------
0000            359   ; internal ram data
0000            360   ;--------------------------------------------------------
0000            361            rseg R_DSEG
0000            362   ;--------------------------------------------------------
0000            363   ; overlayable items in internal ram 
0000            364   ;--------------------------------------------------------
0000            365            rseg    R_OSEG
0000            366   _InitPinADC_PARM_2:
0000            367            ds 1
0001            368            rseg    R_OSEG
0001            369   ;--------------------------------------------------------
0001            370   ; indirectly addressable internal ram data
0001            371   ;--------------------------------------------------------
0000            372            rseg R_ISEG
0000            373   ;--------------------------------------------------------
0000            374   ; absolute internal ram data
0000            375   ;--------------------------------------------------------
0000            376            DSEG
0000            377   ;--------------------------------------------------------
0000            378   ; bit data
0000            379   ;--------------------------------------------------------
0000            380            rseg R_BSEG
0000            381   ;--------------------------------------------------------
0000            382   ; paged external ram data
0000            383   ;--------------------------------------------------------
0000            384            rseg R_PSEG
0000            385   ;--------------------------------------------------------
0000            386   ; external ram data
0000            387   ;--------------------------------------------------------
0000            388            rseg R_XSEG
0000            389   ;--------------------------------------------------------
0000            390   ; absolute external ram data
0000            391   ;--------------------------------------------------------
0000            392            XSEG
0000            393   ;--------------------------------------------------------
0000            394   ; external initialized ram data
0000            395   ;--------------------------------------------------------
0000            396            rseg R_IXSEG
0000            397            rseg R_HOME
0000            398            rseg R_GSINIT
0000            399            rseg R_CSEG
0000            400   ;--------------------------------------------------------
0000            401   ; Interrupt vectors
0000            402   ;--------------------------------------------------------
0000            403   ;--------------------------------------------------------
0000            404   ; global & static initialisations
0000            405   ;--------------------------------------------------------
0000            406            rseg R_HOME
0000            407            rseg R_GSINIT
0000            408            rseg R_GSINIT
0000            409   ;--------------------------------------------------------
0000            410   ; data variables initialization
0000            411   ;--------------------------------------------------------
0000            412            rseg R_DINIT
0000            413            ; The linker places a 'ret' at the end of segment R_DINIT.
0000            414   ;--------------------------------------------------------
0000            415   ; code
0000            416   ;--------------------------------------------------------
0000            417            rseg R_CSEG
0000            418   ;------------------------------------------------------------
0000            419   ;Allocation info for local variables in function 'InitADC'
0000            420   ;------------------------------------------------------------
0000            421   ;------------------------------------------------------------
0000            422   ;        adc.c:8: void InitADC(void) {
0000            423   ;        -----------------------------------------
0000            424   ;         function InitADC
0000            425   ;        -----------------------------------------
0000            426   _InitADC:
0000            427            using   0
0000            428   ;        adc.c:10: ADC0CF = 0xF8; // SAR clock = 31, Right-justified result
0000 75BCF8     429            mov     _ADC0CF,#0xF8
0003            430   ;        adc.c:11: ADC0CN = 0b_1000_0000; // AD0EN=1, AD0TM=0
0003 75E880     431            mov     _ADC0CN,#0x80
0006            432   ;        adc.c:12: REF0CN = 0b_0000_1000; //Select VDD as the voltage reference for the converter
0006 75D108     433            mov     _REF0CN,#0x08
0009 22         434            ret
000A            435   ;------------------------------------------------------------
000A            436   ;Allocation info for local variables in function 'InitPinADC'
000A            437   ;------------------------------------------------------------
000A            438   ;pinno                     Allocated with name '_InitPinADC_PARM_2'
000A            439   ;portno                    Allocated to registers r2 
000A            440   ;mask                      Allocated to registers r3 
000A            441   ;------------------------------------------------------------
000A            442   ;        adc.c:16: void InitPinADC (unsigned char portno, unsigned char pinno) {
000A            443   ;        -----------------------------------------
000A            444   ;         function InitPinADC
000A            445   ;        -----------------------------------------
000A            446   _InitPinADC:
000A AA82       447            mov     r2,dpl
000C            448   ;        adc.c:19: mask=1<<pinno;
000C 8580F0     449            mov     b,_InitPinADC_PARM_2
000F 05F0       450            inc     b
0011 7401       451            mov     a,#0x01
0013 8001       452            sjmp    L003012?
0015            453   L003010?:
0015 25E0       454            add     a,acc
0017            455   L003012?:
0017 D5F0E8     456            djnz    b,L003010?
001A FB         457            mov     r3,a
001B            458   ;        adc.c:21: switch (portno) {
001B EA         459            mov     a,r2
001C 24FC       460            add     a,#0xff - 0x03
001E 4001       461            jc      L003007?
0020 EA         462            mov     a,r2
0021 2A         463            add     a,r2
0022 2A         464            add     a,r2
0023 908FA8     465            mov     dptr,#L003014?
0026 73         466            jmp     @a+dptr
0027            467   L003014?:
0027 020100     468            ljmp    L003001?
002A 020100     469            ljmp    L003002?
002D 020100     470            ljmp    L003003?
0030 020100     471            ljmp    L003004?
0033            472   ;        adc.c:22: case 0:
0033            473   L003001?:
0033            474   ;        adc.c:23: P0MDIN &= (~mask); // Set pin as analog input
0033 EB         475            mov     a,r3
0034 F4         476            cpl     a
0035 52F1       477            anl     _P0MDIN,a
0037            478   ;        adc.c:24: P0SKIP |= mask; // Skip Crossbar decoding for this pin
0037 EB         479            mov     a,r3
0038 42D4       480            orl     _P0SKIP,a
003A            481   ;        adc.c:25: break;
003A            482   ;        adc.c:26: case 1:
003A 22         483            ret
003B            484   L003002?:
003B            485   ;        adc.c:27: P1MDIN &= (~mask); // Set pin as analog input
003B EB         486            mov     a,r3
003C F4         487            cpl     a
003D 52F2       488            anl     _P1MDIN,a
003F            489   ;        adc.c:28: P1SKIP |= mask; // Skip Crossbar decoding for this pin
003F EB         490            mov     a,r3
0040 42D5       491            orl     _P1SKIP,a
0042            492   ;        adc.c:29: break;
0042            493   ;        adc.c:30: case 2:
0042 22         494            ret
0043            495   L003003?:
0043            496   ;        adc.c:31: P2MDIN &= (~mask); // Set pin as analog input
0043 EB         497            mov     a,r3
0044 F4         498            cpl     a
0045 52F3       499            anl     _P2MDIN,a
0047            500   ;        adc.c:32: P2SKIP |= mask; // Skip Crossbar decoding for this pin
0047 EB         501            mov     a,r3
0048 42D6       502            orl     _P2SKIP,a
004A            503   ;        adc.c:33: break;
004A            504   ;        adc.c:34: case 3:
004A 22         505            ret
004B            506   L003004?:
004B            507   ;        adc.c:35: P3MDIN &= (~mask); // Set pin as analog input
004B EB         508            mov     a,r3
004C F4         509            cpl     a
004D FA         510            mov     r2,a
004E 52F4       511            anl     _P3MDIN,a
0050            512   ;        adc.c:36: P3SKIP |= mask; // Skip Crossbar decoding for this pin
0050 EB         513            mov     a,r3
0051 42DF       514            orl     _P3SKIP,a
0053            515   ;        adc.c:39: }
0053            516   L003007?:
0053 22         517            ret
0054            518   ;------------------------------------------------------------
0054            519   ;Allocation info for local variables in function 'ADC_at_Pin'
0054            520   ;------------------------------------------------------------
0054            521   ;pin                       Allocated to registers 
0054            522   ;------------------------------------------------------------
0054            523   ;        adc.c:43: unsigned int ADC_at_Pin(unsigned char pin) {
0054            524   ;        -----------------------------------------
0054            525   ;         function ADC_at_Pin
0054            526   ;        -----------------------------------------
0054            527   _ADC_at_Pin:
0054 8582BB     528            mov     _AMX0P,dpl
0057            529   ;        adc.c:45: AMX0N = LQFP32_MUX_GND;  // GND is negative input (Single-ended Mode)
0057 75BA1F     530            mov     _AMX0N,#0x1F
005A            531   ;        adc.c:47: AD0BUSY=1;
005A D2EC       532            setb    _AD0BUSY
005C            533   ;        adc.c:48: while (AD0BUSY); // Wait for dummy conversion to finish
005C            534   L004001?:
005C 20ECE8     535            jb      _AD0BUSY,L004001?
005F            536   ;        adc.c:50: AD0BUSY = 1;
005F D2EC       537            setb    _AD0BUSY
0061            538   ;        adc.c:51: while (AD0BUSY); // Wait for conversion to complete
0061            539   L004004?:
0061 20EC28     540            jb      _AD0BUSY,L004004?
0064            541   ;        adc.c:52: return (ADC0L+(ADC0H*0x100));
0064 AABD       542            mov     r2,_ADC0L
0066 7B00       543            mov     r3,#0x00
0068 ADBE       544            mov     r5,_ADC0H
006A 7C00       545            mov     r4,#0x00
006C EC         546            mov     a,r4
006D 2A         547            add     a,r2
006E F582       548            mov     dpl,a
0070 ED         549            mov     a,r5
0071 3B         550            addc    a,r3
0072 F583       551            mov     dph,a
0074 22         552            ret
0075            553   ;------------------------------------------------------------
0075            554   ;Allocation info for local variables in function 'Volts_at_Pin'
0075            555   ;------------------------------------------------------------
0075            556   ;pin                       Allocated to registers 
0075            557   ;------------------------------------------------------------
0075            558   ;        adc.c:56: float Volts_at_Pin(unsigned char pin) {
0075            559   ;        -----------------------------------------
0075            560   ;         function Volts_at_Pin
0075            561   ;        -----------------------------------------
0075            562   _Volts_at_Pin:
0075            563   ;        adc.c:57: return ((ADC_at_Pin(pin)*VREF)/1024.0);
0075 120100     564            lcall   _ADC_at_Pin
0078 120100     565            lcall   ___uint2fs
007B AA82       566            mov     r2,dpl
007D AB83       567            mov     r3,dph
007F ACF0       568            mov     r4,b
0081 FD         569            mov     r5,a
0082 C002       570            push    ar2
0084 C003       571            push    ar3
0086 C004       572            push    ar4
0088 C005       573            push    ar5
008A 903333     574            mov     dptr,#0x3333
008D 75F053     575            mov     b,#0x53
0090 7440       576            mov     a,#0x40
0092 120100     577            lcall   ___fsmul
0095 AA82       578            mov     r2,dpl
0097 AB83       579            mov     r3,dph
0099 ACF0       580            mov     r4,b
009B FD         581            mov     r5,a
009C E581       582            mov     a,sp
009E 24FC       583            add     a,#0xfc
00A0 F581       584            mov     sp,a
00A2 E4         585            clr     a
00A3 C0E0       586            push    acc
00A5 C0E0       587            push    acc
00A7 7480       588            mov     a,#0x80
00A9 C0E0       589            push    acc
00AB 7444       590            mov     a,#0x44
00AD C0E0       591            push    acc
00AF 8A82       592            mov     dpl,r2
00B1 8B83       593            mov     dph,r3
00B3 8CF0       594            mov     b,r4
00B5 ED         595            mov     a,r5
00B6 120100     596            lcall   ___fsdiv
00B9 AA82       597            mov     r2,dpl
00BB AB83       598            mov     r3,dph
00BD ACF0       599            mov     r4,b
00BF FD         600            mov     r5,a
00C0 E581       601            mov     a,sp
00C2 24FC       602            add     a,#0xfc
00C4 F581       603            mov     sp,a
00C6 8A82       604            mov     dpl,r2
00C8 8B83       605            mov     dph,r3
00CA 8CF0       606            mov     b,r4
00CC ED         607            mov     a,r5
00CD 22         608            ret
00CE            609            rseg R_CSEG
00CE            610   
0000            611            rseg R_XINIT
0000            612   
0000            613            rseg R_CONST
0000            614   
0000            615            CSEG
0000            616   
0000            617   end
